2023-04-25 17:41:18,022 - [MAIN] - INFO  - Fighting.Server.FightServer - InitSocket Port:9208: True
2023-04-25 17:41:18,031 - [MAIN] - INFO  - Fighting.Server.FightServer - Recompile Scripts: True
2023-04-25 17:41:19,626 - [MAIN] - INFO  - Fighting.Server.FightServer - Registering global event handlers: true
2023-04-25 17:41:19,627 - [MAIN] - INFO  - Fighting.Server.FightServer - Script components: True
2023-04-25 17:41:19,628 - [MAIN] - INFO  - Fighting.Server.FightServer - RoomMgr.Setup: True
2023-04-25 17:41:19,628 - [MAIN] - INFO  - Fighting.Server.FightServer - GameMgr.Setup: True
2023-04-25 17:41:33,410 - [MAIN] - ERROR - Game.Logic.MapMgr - Map's file80004 is not exist!
2023-04-25 17:41:33,411 - [MAIN] - ERROR - Game.Logic.MapMgr - Map's file70025 is not exist!
2023-04-25 17:41:33,412 - [MAIN] - ERROR - Game.Logic.MapMgr - Map's file70022 is not exist!
2023-04-25 17:41:33,412 - [MAIN] - ERROR - Game.Logic.MapMgr - Map's file12016 is not exist!
2023-04-25 17:41:33,412 - [MAIN] - ERROR - Game.Logic.MapMgr - Map's file12006 is not exist!
2023-04-25 17:41:33,412 - [MAIN] - ERROR - Game.Logic.MapMgr - Map's file2013 is not exist!
2023-04-25 17:41:33,413 - [MAIN] - ERROR - Game.Logic.MapMgr - Map's file2012 is not exist!
2023-04-25 17:41:33,413 - [MAIN] - ERROR - Game.Logic.MapMgr - Map's file2010 is not exist!
2023-04-25 17:41:33,413 - [MAIN] - ERROR - Game.Logic.MapMgr - Map's file1709 is not exist!
2023-04-25 17:41:33,413 - [MAIN] - ERROR - Game.Logic.MapMgr - Map's file1708 is not exist!
2023-04-25 17:41:33,414 - [MAIN] - ERROR - Game.Logic.MapMgr - Map's file1706 is not exist!
2023-04-25 17:41:33,414 - [MAIN] - ERROR - Game.Logic.MapMgr - Map's file1705 is not exist!
2023-04-25 17:41:33,414 - [MAIN] - ERROR - Game.Logic.MapMgr - Map's file1704 is not exist!
2023-04-25 17:41:33,414 - [MAIN] - ERROR - Game.Logic.MapMgr - Map's file1703 is not exist!
2023-04-25 17:41:33,415 - [MAIN] - ERROR - Game.Logic.MapMgr - Map's file1702 is not exist!
2023-04-25 17:41:33,415 - [MAIN] - ERROR - Game.Logic.MapMgr - Map's file1638 is not exist!
2023-04-25 17:41:33,415 - [MAIN] - ERROR - Game.Logic.MapMgr - Map's file1497 is not exist!
2023-04-25 17:41:33,415 - [MAIN] - ERROR - Game.Logic.MapMgr - Map's file1493 is not exist!
2023-04-25 17:41:33,415 - [MAIN] - ERROR - Game.Logic.MapMgr - Map's file1491 is not exist!
2023-04-25 17:41:33,416 - [MAIN] - ERROR - Game.Logic.MapMgr - Map's file1490 is not exist!
2023-04-25 17:41:33,416 - [MAIN] - ERROR - Game.Logic.MapMgr - Map's file1488 is not exist!
2023-04-25 17:41:33,416 - [MAIN] - ERROR - Game.Logic.MapMgr - Map's file1487 is not exist!
2023-04-25 17:41:33,416 - [MAIN] - ERROR - Game.Logic.MapMgr - Map's file1486 is not exist!
2023-04-25 17:41:33,416 - [MAIN] - ERROR - Game.Logic.MapMgr - Map's file1481 is not exist!
2023-04-25 17:41:33,417 - [MAIN] - ERROR - Game.Logic.MapMgr - Map's file1480 is not exist!
2023-04-25 17:41:33,417 - [MAIN] - ERROR - Game.Logic.MapMgr - Map's file1479 is not exist!
2023-04-25 17:41:33,418 - [MAIN] - ERROR - Game.Logic.MapMgr - Map's file1478 is not exist!
2023-04-25 17:41:33,419 - [MAIN] - ERROR - Game.Logic.MapMgr - Map's file1477 is not exist!
2023-04-25 17:41:33,419 - [MAIN] - ERROR - Game.Logic.MapMgr - Map's file1476 is not exist!
2023-04-25 17:41:33,420 - [MAIN] - ERROR - Game.Logic.MapMgr - Map's file1475 is not exist!
2023-04-25 17:41:33,420 - [MAIN] - ERROR - Game.Logic.MapMgr - Map's file1474 is not exist!
2023-04-25 17:41:33,420 - [MAIN] - ERROR - Game.Logic.MapMgr - Map's file1458 is not exist!
2023-04-25 17:41:33,421 - [MAIN] - ERROR - Game.Logic.MapMgr - Map's file1457 is not exist!
2023-04-25 17:41:33,421 - [MAIN] - ERROR - Game.Logic.MapMgr - Map's file1456 is not exist!
2023-04-25 17:41:33,421 - [MAIN] - ERROR - Game.Logic.MapMgr - Map's file1455 is not exist!
2023-04-25 17:41:33,422 - [MAIN] - ERROR - Game.Logic.MapMgr - Map's file1429 is not exist!
2023-04-25 17:41:33,422 - [MAIN] - ERROR - Game.Logic.MapMgr - Map's file1402 is not exist!
2023-04-25 17:41:33,423 - [MAIN] - ERROR - Game.Logic.MapMgr - Map's file1401 is not exist!
2023-04-25 17:41:34,499 - [MAIN] - ERROR - Game.Logic.MapMgr - Map's file1400 is not exist!
2023-04-25 17:41:34,500 - [MAIN] - ERROR - Game.Logic.MapMgr - Map's file1350 is not exist!
2023-04-25 17:41:34,500 - [MAIN] - ERROR - Game.Logic.MapMgr - Map's file1346 is not exist!
2023-04-25 17:41:34,501 - [MAIN] - ERROR - Game.Logic.MapMgr - Map's file1345 is not exist!
2023-04-25 17:41:34,501 - [MAIN] - ERROR - Game.Logic.MapMgr - Map's file1344 is not exist!
2023-04-25 17:41:34,501 - [MAIN] - ERROR - Game.Logic.MapMgr - Map's file1343 is not exist!
2023-04-25 17:41:34,502 - [MAIN] - ERROR - Game.Logic.MapMgr - Map's file1342 is not exist!
2023-04-25 17:41:34,502 - [MAIN] - ERROR - Game.Logic.MapMgr - Map's file1328 is not exist!
2023-04-25 17:41:34,503 - [MAIN] - ERROR - Game.Logic.MapMgr - Map's file1303 is not exist!
2023-04-25 17:41:34,503 - [MAIN] - ERROR - Game.Logic.MapMgr - Map's file1302 is not exist!
2023-04-25 17:41:34,503 - [MAIN] - ERROR - Game.Logic.MapMgr - Map's file1268 is not exist!
2023-04-25 17:41:34,504 - [MAIN] - ERROR - Game.Logic.MapMgr - Map's file1267 is not exist!
2023-04-25 17:41:34,504 - [MAIN] - ERROR - Game.Logic.MapMgr - Map's file1266 is not exist!
2023-04-25 17:41:34,505 - [MAIN] - ERROR - Game.Logic.MapMgr - Map's file1253 is not exist!
2023-04-25 17:41:34,505 - [MAIN] - ERROR - Game.Logic.MapMgr - Map's file1252 is not exist!
2023-04-25 17:41:34,506 - [MAIN] - ERROR - Game.Logic.MapMgr - Map's file1251 is not exist!
2023-04-25 17:41:34,506 - [MAIN] - ERROR - Game.Logic.MapMgr - Map's file1250 is not exist!
2023-04-25 17:41:34,506 - [MAIN] - ERROR - Game.Logic.MapMgr - Map's file1243 is not exist!
2023-04-25 17:41:34,507 - [MAIN] - ERROR - Game.Logic.MapMgr - Map's file1220 is not exist!
2023-04-25 17:41:34,507 - [MAIN] - ERROR - Game.Logic.MapMgr - Map's file1219 is not exist!
2023-04-25 17:41:34,507 - [MAIN] - ERROR - Game.Logic.MapMgr - Map's file1218 is not exist!
2023-04-25 17:41:34,508 - [MAIN] - ERROR - Game.Logic.MapMgr - Map's file1217 is not exist!
2023-04-25 17:41:34,508 - [MAIN] - ERROR - Game.Logic.MapMgr - Map's file1216 is not exist!
2023-04-25 17:41:35,801 - [MAIN] - ERROR - Game.Logic.MapMgr - Map's file1215 is not exist!
2023-04-25 17:41:35,802 - [MAIN] - ERROR - Game.Logic.MapMgr - Map's file1214 is not exist!
2023-04-25 17:41:35,802 - [MAIN] - ERROR - Game.Logic.MapMgr - Map's file1213 is not exist!
2023-04-25 17:41:35,803 - [MAIN] - ERROR - Game.Logic.MapMgr - Map's file1211 is not exist!
2023-04-25 17:41:35,803 - [MAIN] - ERROR - Game.Logic.MapMgr - Map's file1210 is not exist!
2023-04-25 17:41:35,803 - [MAIN] - ERROR - Game.Logic.MapMgr - Map's file1209 is not exist!
2023-04-25 17:41:35,804 - [MAIN] - ERROR - Game.Logic.MapMgr - Map's file1208 is not exist!
2023-04-25 17:41:35,804 - [MAIN] - ERROR - Game.Logic.MapMgr - Map's file1207 is not exist!
2023-04-25 17:41:35,804 - [MAIN] - ERROR - Game.Logic.MapMgr - Map's file1205 is not exist!
2023-04-25 17:41:35,805 - [MAIN] - ERROR - Game.Logic.MapMgr - Map's file1204 is not exist!
2023-04-25 17:41:35,805 - [MAIN] - ERROR - Game.Logic.MapMgr - Map's file1202 is not exist!
2023-04-25 17:41:35,805 - [MAIN] - ERROR - Game.Logic.MapMgr - Map's file1201 is not exist!
2023-04-25 17:41:35,806 - [MAIN] - ERROR - Game.Logic.MapMgr - Map's file1198 is not exist!
2023-04-25 17:41:35,807 - [MAIN] - ERROR - Game.Logic.MapMgr - Map's file1197 is not exist!
2023-04-25 17:41:35,808 - [MAIN] - ERROR - Game.Logic.MapMgr - Map's file1196 is not exist!
2023-04-25 17:41:35,808 - [MAIN] - ERROR - Game.Logic.MapMgr - Map's file1195 is not exist!
2023-04-25 17:41:35,809 - [MAIN] - ERROR - Game.Logic.MapMgr - Map's file1194 is not exist!
2023-04-25 17:41:35,809 - [MAIN] - ERROR - Game.Logic.MapMgr - Map's file1193 is not exist!
2023-04-25 17:41:35,810 - [MAIN] - ERROR - Game.Logic.MapMgr - Map's file1192 is not exist!
2023-04-25 17:41:35,811 - [MAIN] - ERROR - Game.Logic.MapMgr - Map's file1191 is not exist!
2023-04-25 17:41:35,811 - [MAIN] - ERROR - Game.Logic.M2023-04-25 17:44:32,703 - [MAIN] - INFO  - Fighting.Server.FightServer - InitSocket Port:9208: True
2023-04-25 17:44:35,896 - [MAIN] - INFO  - Fighting.Server.FightServer - Recompile Scripts: True
2023-04-25 17:44:43,959 - [MAIN] - INFO  - Fighting.Server.FightServer - Registering global event handlers: true
2023-04-25 17:44:43,960 - [MAIN] - INFO  - Fighting.Server.FightServer - Script components: True
2023-04-25 17:44:43,961 - [MAIN] - INFO  - Fighting.Server.FightServer - RoomMgr.Setup: True
2023-04-25 17:44:43,964 - [MAIN] - INFO  - Fighting.Server.FightServer - GameMgr.Setup: True
2023-04-25 17:45:05,681 - [MAIN] - ERROR - Game.Logic.MapMgr - Map's file80004 is not exist!
2023-04-25 17:45:05,682 - [MAIN] - ERROR - Game.Logic.MapMgr - Map's file70025 is not exist!
2023-04-25 17:45:05,682 - [MAIN] - ERROR - Game.Logic.MapMgr - Map's file70022 is not exist!
2023-04-25 17:45:05,682 - [MAIN] - ERROR - Game.Logic.MapMgr - Map's file12016 is not exist!
2023-04-25 17:45:05,682 - [MAIN] - ERROR - Game.Logic.MapMgr - Map's file12006 is not exist!
2023-04-25 17:45:05,683 - [MAIN] - ERROR - Game.Logic.MapMgr - Map's file2013 is not exist!
2023-04-25 17:45:05,683 - [MAIN] - ERROR - Game.Logic.MapMgr - Map's file2012 is not exist!
2023-04-25 17:45:05,683 - [MAIN] - ERROR - Game.Logic.MapMgr - Map's file2010 is not exist!
2023-04-25 17:45:06,212 - [MAIN] - ERROR - Game.Logic.MapMgr - Map's file1709 is not exist!
2023-04-25 17:45:06,212 - [MAIN] - ERROR - Game.Logic.MapMgr - Map's file1708 is not exist!
2023-04-25 17:45:06,213 - [MAIN] - ERROR - Game.Logic.MapMgr - Map's file1706 is not exist!
2023-04-25 17:45:06,213 - [MAIN] - ERROR - Game.Logic.MapMgr - Map's file1705 is not exist!
2023-04-25 17:45:06,213 - [MAIN] - ERROR - Game.Logic.MapMgr - Map's file1704 is not exist!
2023-04-25 17:45:06,213 - [MAIN] - ERROR - Game.Logic.MapMgr - Map's file1703 is not exist!
2023-04-25 17:45:06,213 - [MAIN] - ERROR - Game.Logic.MapMgr - Map's file1702 is not exist!
2023-04-25 17:45:06,214 - [MAIN] - ERROR - Game.Logic.MapMgr - Map's file1638 is not exist!
2023-04-25 17:45:06,214 - [MAIN] - ERROR - Game.Logic.MapMgr - Map's file1497 is not exist!
2023-04-25 17:45:06,214 - [MAIN] - ERROR - Game.Logic.MapMgr - Map's file1493 is not exist!
2023-04-25 17:45:06,214 - [MAIN] - ERROR - Game.Logic.MapMgr - Map's file1491 is not exist!
2023-04-25 17:45:06,215 - [MAIN] - ERROR - Game.Logic.MapMgr - Map's file1490 is not exist!
2023-04-25 17:45:06,215 - [MAIN] - ERROR - Game.Logic.MapMgr - Map's file1488 is not exist!
2023-04-25 17:45:06,215 - [MAIN] - ERROR - Game.Logic.MapMgr - Map's file1487 is not exist!
2023-04-25 17:45:06,215 - [MAIN] - ERROR - Game.Logic.MapMgr - Map's file1486 is not exist!
2023-04-25 17:45:06,219 - [MAIN] - ERROR - Game.Logic.MapMgr - Map's file1481 is not exist!
2023-04-25 17:45:06,220 - [MAIN] - ERROR - Game.Logic.MapMgr - Map's file1480 is not exist!
2023-04-25 17:45:06,220 - [MAIN] - ERROR - Game.Logic.MapMgr - Map's file1479 is not exist!
2023-04-25 17:45:06,221 - [MAIN] - ERROR - Game.Logic.MapMgr - Map's file1478 is not exist!
2023-04-25 17:45:06,221 - [MAIN] - ERROR - Game.Logic.MapMgr - Map's file1477 is not exist!
2023-04-25 17:45:06,222 - [MAIN] - ERROR - Game.Logic.MapMgr - Map's file1476 is not exist!
2023-04-25 17:45:06,222 - [MAIN] - ERROR - Game.Logic.MapMgr - Map's file1475 is not exist!
2023-04-25 17:45:06,222 - [MAIN] - ERROR - Game.Logic.MapMgr - Map's file1474 is not exist!
2023-04-25 17:45:06,223 - [MAIN] - ERROR - Game.Logic.MapMgr - Map's file1458 is not exist!
2023-04-25 17:45:06,223 - [MAIN] - ERROR - Game.Logic.MapMgr - Map's file1457 is not exist!
2023-04-25 17:45:06,905 - [MAIN] - ERROR - Game.Logic.MapMgr - Map's file1456 is not exist!
2023-04-25 17:45:06,905 - [MAIN] - ERROR - Game.Logic.MapMgr - Map's file1455 is not exist!
2023-04-25 17:45:06,906 - [MAIN] - ERROR - Game.Logic.MapMgr - Map's file1429 is not exist!
2023-04-25 17:45:06,906 - [MAIN] - ERROR - Game.Logic.MapMgr - Map's file1402 is not exist!
2023-04-25 17:45:06,906 - [MAIN] - ERROR - Game.Logic.MapMgr - Map's file1401 is not exist!
2023-04-25 17:45:06,907 - [MAIN] - ERROR - Game.Logic.MapMgr - Map's file1400 is not exist!
2023-04-25 17:45:06,907 - [MAIN] - ERROR - Game.Logic.MapMgr - Map's file1350 is not exist!
2023-04-25 17:45:06,907 - [MAIN] - ERROR - Game.Logic.MapMgr - Map's file1346 is not exist!
2023-04-25 17:45:06,908 - [MAIN] - ERROR - Game.Logic.MapMgr - Map's file1345 is not exist!
2023-04-25 17:45:06,909 - [MAIN] - ERROR - Game.Logic.MapMgr - Map's file1344 is not exist!
2023-04-25 17:45:06,909 - [MAIN] - ERROR - Game.Logic.MapMgr - Map's file1343 is not exist!
2023-04-25 17:45:06,909 - [MAIN] - ERROR - Game.Logic.MapMgr - Map's file1342 is not exist!
2023-04-25 17:45:06,910 - [MAIN] - ERROR - Game.Logic.MapMgr - Map's file1328 is not exist!
2023-04-25 17:45:06,910 - [MAIN] - ERROR - Game.Logic.MapMgr - Map's file1303 is not exist!
2023-04-25 17:45:06,910 - [MAIN] - ERROR - Game.Logic.MapMgr - Map's file1302 is not exist!
2023-04-25 17:45:06,911 - [MAIN] - ERROR - Game.Logic.MapMgr - Map's file1268 is not exist!
2023-04-25 17:45:06,911 - [MAIN] - ERROR - Game.Logic.MapMgr - Map's file1267 is not exist!
2023-04-25 17:45:06,912 - [MAIN] - ERROR - Game.Logic.MapMgr - Map's file1266 is not exist!
2023-04-25 17:45:06,912 - [MAIN] - ERROR - Game.Logic.MapMgr - Map's file1253 is not exist!
2023-04-25 17:45:06,912 - [MAIN] - ERROR - Game.Logic.MapMgr - Map's file1252 is not exist!
2023-04-25 17:45:06,914 - [MAIN] - ERROR - Game.Logic.MapMgr - Map's file1251 is not exist!
2023-04-25 17:45:06,915 - [MAIN] - ERROR - Game.Logic.MapMgr - Map's file1250 is not exist!
2023-04-25 17:45:06,916 - [MAIN] - ERROR - Game.Logic.MapMgr - Map's file1243 is not exist!
2023-04-25 17:45:06,916 - [MAIN] - ERROR - Game.Logic.MapMgr - Map's file1220 is not exist!
2023-04-25 17:45:06,917 - [MAIN] - ERROR - Game.Logic.MapMgr - Map's file1219 is not exist!
2023-04-25 17:45:06,917 - [MAIN] - ERROR - Game.Logic.MapMgr - Map's file1218 is not exist!
2023-04-25 17:45:06,917 - [MAIN] - ERROR - Game.Logic.MapMgr - Map's file1217 is not exist!
2023-04-25 17:45:06,918 - [MAIN] - ERROR - Game.Logic.MapMgr - Map's file1216 is not exist!
2023-04-25 17:45:06,919 - [MAIN] - ERROR - Game.Logic.MapMgr - Map's file1215 is not exist!
2023-04-25 17:45:06,920 - [MAIN] - ERROR - Game.Logic.MapMgr - Map's file1214 is not exist!
2023-04-25 17:45:06,920 - [MAIN] - ERROR - Game.Logic.MapMgr - Map's file1213 is not exist!
2023-04-25 17:45:06,920 - [MAIN] - ERROR - Game.Logic.MapMgr - Map's file1211 is not exist!
2023-04-25 17:45:06,921 - [MAIN] - ERROR - Game.Logic.MapMgr - Map's file1210 is not exist!
2023-04-25 17:45:06,921 - [MAIN] - ERROR - Game.Logic.MapMgr - Map's file1209 is not exist!
2023-04-25 17:45:06,922 - [MAIN] - ERROR - Game.Logic.MapMgr - Map's file1208 is not exist!
2023-04-25 17:45:06,922 - [MAIN] - ERROR - Game.Logic.MapMgr - Map's file1207 is not exist!
2023-04-25 17:45:06,922 - [MAIN] - ERROR - Game.Logic.MapMgr - Map's file1205 is not exist!
2023-04-25 17:45:06,923 - [MAIN] - ERROR - Game.Logic.MapMgr - Map's file1204 is not exist!
2023-04-25 17:45:06,923 - [MAIN] - ERROR - Game.Logic.MapMgr - Map's file1202 is not exist!
2023-04-25 17:45:06,924 - [MAIN] - ERROR - Game.Logic.MapMgr - Map's file1201 is not exist!
2023-04-25 17:45:09,276 - [MAIN] - ERROR - Game.Logic.MapMgr - Map's file1198 is not exist!
2023-04-25 17:45:09,277 - [MAIN] - ERROR - Game.Logic.MapMgr - Map's file1197 is not exist!
2023-04-25 17:45:09,277 - [MAIN] - ERROR - Game.Logic.MapMgr - Map's file1196 is not exist!
2023-04-25 17:45:09,277 - [MAIN] - ERROR - Game.Logic.MapMgr - Map's file1195 is not exist!
2023-04-25 17:45:09,278 - [MAIN] - ERROR - Game.Logic.MapMgr - Map's file1194 is not exist!
2023-04-25 17:45:09,279 - [MAIN] - ERROR - Game.Logic.MapMgr - Map's file1193 is not exist!
2023-04-25 17:45:09,279 - [MAIN] - ERROR - Game.Logic.MapMgr - Map's file1192 is not exist!
2023-04-25 17:45:09,279 - [MAIN] - ERROR - Game.Logic.MapMgr - Map's file1191 is not exist!
2023-04-25 17:45:09,280 - [MAIN] - ERROR - Game.Logic.MapMgr - Map's file1190 is not exist!
2023-04-25 17:45:09,281 - [MAIN] - ERROR - Game.Logic.MapMgr - Map's file1189 is not exist!
2023-04-25 17:45:09,281 - [MAIN] - ERROR - Game.Logic.MapMgr - Map's file1188 is not exist!
2023-04-25 17:45:09,282 - [MAIN] - ERROR - Game.Logic.MapMgr - Map's file1187 is not exist!
2023-04-25 17:45:14,551 - [MAIN] - ERROR - Game.Logic.MapMgr - Map's file1186 is not exist!
2023-04-25 17:45:14,552 - [MAIN] - ERROR - Game.Logic.MapMgr - Map's file1185 is not exist!
2023-04-25 17:45:14,553 - [MAIN] - ERROR - Game.Logic.MapMgr - Map's file1184 is not exist!
2023-04-25 17:45:14,554 - [MAIN] - ERROR - Game.Logic.MapMgr - Map's file1180 is not exist!
2023-04-25 17:45:14,554 - [MAIN] - ERROR - Game.Logic.MapMgr - Map's file1179 is not exist!
2023-04-25 17:45:14,554 - [MAIN] - ERROR - Game.Logic.MapMgr - Map's file1178 is not exist!
2023-04-25 17:45:14,555 - [MAIN] - ERROR - Game.Logic.MapMgr - Map's file1177 is not exist!
2023-04-25 17:45:14,555 - [MAIN] - ERROR - Game.Logic.MapMgr - Map's file1176 is not exist!
2023-04-25 17:45:14,556 - [MAIN] - ERROR - Game.Logic.MapMgr - Map's file1175 is not exist!
2023-04-25 17:45:14,556 - [MAIN] - ERROR - Game.Logic.MapMgr - Map's file1174 is not exist!
2023-04-25 17:45:14,558 - [MAIN] - ERROR - Game.Logic.MapMgr - Map's file1173 is not exist!
2023-04-25 17:45:14,558 - [MAIN] - ERROR - Game.Logic.MapMgr - Map's file1172 is not exist!
2023-04-25 17:45:14,559 - [MAIN] - ERROR - Game.Logic.MapMgr - Map's file1171 is not exist!
2023-04-25 17:45:14,559 - [MAIN] - ERROR - Game.Logic.MapMgr - Map's file1170 is not exist!
2023-04-25 17:45:14,559 - [MAIN] - ERROR - Game.Logic.MapMgr - Map's file1169 is not exist!
2023-04-25 17:45:14,560 - [MAIN] - ERROR - Game.Logic.MapMgr - Map's file1168 is not exist!
2023-04-25 17:45:14,560 - [MAIN] - ERROR - Game.Logic.MapMgr - Map's file1167 is not exist!
2023-04-25 17:45:23,056 - [MAIN] - ERROR - Game.Logic.MapMgr - Map's file1166 is not exist!
2023-04-25 17:45:23,057 - [MAIN] - ERROR - Game.Logic.MapMgr - Map's file1165 is not exist!
2023-04-25 17:45:23,058 - [MAIN] - ERROR - Game.Logic.MapMgr - Map's file1164 is not exist!
2023-04-25 17:45:23,058 - [MAIN] - ERROR - Game.Logic.MapMgr - Map's file1163 is not exist!
2023-04-25 17:45:23,059 - [MAIN] - ERROR - Game.Logic.MapMgr - Map's file1162 is not exist!
2023-04-25 17:45:23,059 - [MAIN] - ERROR - Game.Logic.MapMgr - Map's file1161 is not exist!
2023-04-25 17:45:23,059 - [MAIN] - ERROR - Game.Logic.MapMgr - Map's file1160 is not exist!
2023-04-25 17:45:23,060 - [MAIN] - ERROR - Game.Logic.MapMgr - Map's file1159 is not exist!
2023-04-25 17:45:23,060 - [MAIN] - ERROR - Game.Logic.MapMgr - Map's file1158 is not exist!
2023-04-25 17:45:23,061 - [MAIN] - ERROR - Game.Logic.MapMgr - Map's file1157 is not exist!
2023-04-25 17:45:23,061 - [MAIN] - ERROR - Game.Logic.MapMgr - Map's file1156 is not exist!
2023-04-25 17:45:23,062 - [MAIN] - ERROR - Game.Logic.MapMgr - Map's file1155 is not exist!
2023-04-25 17:45:23,062 - [MAIN] - ERROR - Game.Logic.MapMgr - Map's file1154 is not exist!
2023-04-25 17:45:23,062 - [MAIN] - ERROR - Game.Logic.MapMgr - Map's file1153 is not exist!
2023-04-25 17:45:23,063 - [MAIN] - ERROR - Game.Logic.MapMgr - Map's file1152 is not exist!
2023-04-25 17:45:23,063 - [MAIN] - ERROR - Game.Logic.MapMgr - Map's file1151 is not exist!
2023-04-25 17:45:23,063 - [MAIN] - ERROR - Game.Logic.MapMgr - Map's file1150 is not exist!
2023-04-25 17:45:23,064 - [MAIN] - ERROR - Game.Logic.MapMgr - Map's file1149 is not exist!
2023-04-25 17:45:23,064 - [MAIN] - ERROR - Game.Logic.MapMgr - Map's file1148 is not exist!
2023-04-25 17:45:23,065 - [MAIN] - ERROR - Game.Logic.MapMgr - Map's file1147 is not exist!
2023-04-25 17:45:23,065 - [MAIN] - ERROR - Game.Logic.MapMgr - Map's file1146 is not exist!
2023-04-25 17:45:23,066 - [MAIN] - ERROR - Game.Logic.MapMgr - Map's file1145 is not exist!
2023-04-25 17:45:23,067 - [MAIN] - ERROR - Game.Logic.MapMgr - Map's file1144 is not exist!
2023-04-25 17:45:26,013 - [MAIN] - ERROR - Game.Logic.MapMgr - Map's file1143 is not exist!
2023-04-25 17:45:26,014 - [MAIN] - ERROR - Game.Logic.MapMgr - Map's file1142 is not exist!
2023-04-25 17:45:26,015 - [MAIN] - ERROR - Game.Logic.MapMgr - Map's file1141 is not exist!
2023-04-25 17:45:26,015 - [MAIN] - ERROR - Game.Logic.MapMgr - Map's file1138 is not exist!
2023-04-25 17:45:26,015 - [MAIN] - ERROR - Game.Logic.MapMgr - Map's file1137 is not exist!
2023-04-25 17:45:26,016 - [MAIN] - ERROR - Game.Logic.MapMgr - Map's file1136 is not exist!
2023-04-25 17:45:26,016 - [MAIN] - ERROR - Game.Logic.MapMgr - Map's file1135 is not exist!
2023-04-25 17:45:26,016 - [MAIN] - ERROR - Game.Logic.MapMgr - Map's file1134 is not exist!
2023-04-25 17:45:26,018 - [MAIN] - ERROR - Game.Logic.MapMgr - Map's file1133 is not exist!
2023-04-25 17:45:26,021 - [MAIN] - ERROR - Game.Logic.MapMgr - Map's file1132 is not exist!
2023-04-25 17:45:26,022 - [MAIN] - ERROR - Game.Logic.MapMgr - Map's file1129 is not exist!
2023-04-25 17:45:26,022 - [MAIN] - ERROR - Game.Logic.MapMgr - Map's file1128 is not exist!
2023-04-25 17:45:26,023 - [MAIN] - ERROR - Game.Logic.MapMgr - Map's file1126 is not exist!
2023-04-25 17:45:26,024 - [MAIN] - ERROR - Game.Logic.MapMgr - Map's file1125 is not exist!
2023-04-25 17:45:26,024 - [MAIN] - ERROR - Game.Logic.MapMgr - Map's file1124 is not exist!
2023-04-25 17:45:26,024 - [MAIN] - ERROR - Game.Logic.MapMgr - Map's file1123 is not exist!
2023-04-25 17:45:26,025 - [MAIN] - ERROR - Game.Logic.MapMgr - Map's file1122 is not exist!
2023-04-25 17:45:26,026 - [MAIN] - ERROR - Game.Logic.MapMgr - Map's file1121 is not exist!
2023-04-25 17:45:26,026 - [MAIN] - ERROR - Game.Logic.MapMgr - Map's file1120 is not exist!
2023-04-25 17:45:26,026 - [MAIN] - ERROR - Game.Logic.MapMgr - Map's file1119 is not exist!
2023-04-25 17:45:26,027 - [MAIN] - ERROR - Game.Logic.MapMgr - Map's file1118 is not exist!
2023-04-25 17:45:26,027 - [MAIN] - ERROR - Game.Logic.MapMgr - Map's file1114 is not exist!
2023-04-25 17:45:26,028 - [MAIN] - ERROR - Game.Logic.MapMgr - Map's file1113 is not exist!
2023-04-25 17:45:26,028 - [MAIN] - ERROR - Game.Logic.MapMgr - Map's file1112 is not exist!
2023-04-25 17:45:26,029 - [MAIN] - ERROR - Game.Logic.MapMgr - Map's file1111 is not exist!
2023-04-25 17:45:26,030 - [MAIN] - ERROR - Game.Logic.MapMgr - Map's file1110 is not exist!
2023-04-25 17:45:26,031 - [MAIN] - ERROR - Game.Logic.MapMgr - Map's file1109 is not exist!
2023-04-25 17:45:26,031 - [MAIN] - ERROR - Game.Logic.MapMgr - Map's file1108 is not exist!
2023-04-25 17:45:26,032 - [MAIN] - ERROR - Game.Logic.MapMgr - Map's file1107 is not exist!
2023-04-25 17:45:26,032 - [MAIN] - ERROR - Game.Logic.MapMgr - Map's file1106 is not exist!
2023-04-25 17:45:26,033 - [MAIN] - ERROR - Game.Logic.MapMgr - Map's file1105 is not exist!
2023-04-25 17:45:26,033 - [MAIN] - ERROR - Game.Logic.MapMgr - Map's file1104 is not exist!
2023-04-25 17:45:26,034 - [MAIN] - ERROR - Game.Logic.MapMgr - Map's file1103 is not exist!
2023-04-25 17:45:26,034 - [MAIN] - ERROR - Game.Logic.MapMgr - Map's file1102 is not exist!
2023-04-25 17:45:26,035 - [MAIN] - ERROR - Game.Logic.MapMgr - Map's file1101 is not exist!
2023-04-25 17:45:26,039 - [MAIN] - ERROR - Game.Logic.MapMgr - Map's file1100 is not exist!
2023-04-25 17:45:26,040 - [MAIN] - ERROR - Game.Logic.MapMgr - Map's file1099 is not exist!
2023-04-25 17:45:26,040 - [MAIN] - ERROR - Game.Logic.MapMgr - Map's file1098 is not exist!
2023-04-25 17:45:26,041 - [MAIN] - ERROR - Game.Logic.MapMgr - Map's file1097 is not exist!
2023-04-25 17:45:26,041 - [MAIN] - ERROR - Game.Logic.MapMgr - Map's file1096 is not exist!
2023-04-25 17:45:26,042 - [MAIN] - ERROR - Game.Logic.MapMgr - Map's file1095 is not exist!
2023-04-25 17:45:26,042 - [MAIN] - ERROR - Game.Logic.MapMgr - Map's file1094 is not exist!
2023-04-25 17:45:26,043 - [MAIN] - ERROR - Game.Logic.MapMgr - Map's file1093 is not exist!
2023-04-25 17:45:26,043 - [MAIN] - ERROR - Game.Logic.MapMgr - Map's file1092 is not exist!
2023-04-25 17:45:26,044 - [MAIN] - ERROR - Game.Logic.MapMgr - Map's file1091 is not exist!
2023-04-25 17:45:26,044 - [MAIN] - ERROR - Game.Logic.MapMgr - Map's file1090 is not exist!
2023-04-25 17:45:26,044 - [MAIN] - ERROR - Game.Logic.MapMgr - Map's file1088 is not exist!
2023-04-25 17:45:26,045 - [MAIN] - ERROR - Game.Logic.MapMgr - Map's file1087 is not exist!
2023-04-25 17:45:26,045 - [MAIN] - ERROR - Game.Logic.MapMgr - Map's file1086 is not exist!
2023-04-25 17:45:26,045 - [MAIN] - ERROR - Game.Logic.MapMgr - Map's file1085 is not exist!
2023-04-25 17:45:26,045 - [MAIN] - ERROR - Game.Logic.MapMgr - Map's file1084 is not exist!
2023-04-25 17:45:26,046 - [MAIN] - ERROR - Game.Logic.MapMgr - Map's file1083 is not exist!
2023-04-25 17:45:26,046 - [MAIN] - ERROR - Game.Logic.MapMgr - Map's file1082 is not exist!
2023-04-25 17:45:26,047 - [MAIN] - ERROR - Game.Logic.MapMgr - Map's file1078 is not exist!
2023-04-25 17:45:26,048 - [MAIN] - ERROR - Game.Logic.MapMgr - Map's file1076 is not exist!
2023-04-25 17:45:26,051 - [MAIN] - ERROR - Game.Logic.MapMgr - Map's file1075 is not exist!
2023-04-25 17:45:26,051 - [MAIN] - ERROR - Game.Logic.MapMgr - Map's file1074 is not exist!
2023-04-25 17:45:26,052 - [MAIN] - ERROR - Game.Logic.MapMgr - Map's file1073 is not exist!
2023-04-25 17:45:26,052 - [MAIN] - ERROR - Game.Logic.MapMgr - Map's file1072 is not exist!
2023-04-25 17:45:26,052 - [MAIN] - ERROR - Game.Logic.MapMgr - Map's file1071 is not exist!
2023-04-25 17:45:26,053 - [MAIN] - ERROR - Game.Logic.MapMgr - Map's file1068 is not exist!
2023-04-25 17:45:26,053 - [MAIN] - ERROR - Game.Logic.MapMgr - Map's file1067 is not exist!
2023-04-25 17:45:26,053 - [MAIN] - ERROR - Game.Logic.MapMgr - Map's file1066 is not exist!
2023-04-25 17:45:26,054 - [MAIN] - ERROR - Game.Logic.MapMgr - Map's file1065 is not exist!
2023-04-25 17:45:26,054 - [MAIN] - ERROR - Game.Logic.MapMgr - Map's file1064 is not exist!
2023-04-25 17:45:26,054 - [MAIN] - ERROR - Game.Logic.MapMgr - Map's file1063 is not exist!
2023-04-25 17:45:26,055 - [MAIN] - ERROR - Game.Logic.MapMgr - Map's file1062 is not exist!
2023-04-25 17:45:26,055 - [MAIN] - ERROR - Game.Logic.MapMgr - Map's file1061 is not exist!
2023-04-25 17:45:26,056 - [MAIN] - ERROR - Game.Logic.MapMgr - Map's file1060 is not exist!
2023-04-25 17:45:26,056 - [MAIN] - ERROR - Game.Logic.MapMgr - Map's file1059 is not exist!
2023-04-25 17:45:26,056 - [MAIN] - ERROR - Game.Logic.MapMgr - Map's file1058 is not exist!
2023-04-25 17:45:26,056 - [MAIN] - ERROR - Game.Logic.MapMgr - Map's file1057 is not exist!
2023-04-25 17:45:26,057 - [MAIN] - ERROR - Game.Logic.MapMgr - Map's file1056 is not exist!
2023-04-25 17:45:26,057 - [MAIN] - ERROR - Game.Logic.MapMgr - Map's file1055 is not exist!
2023-04-25 17:45:26,057 - [MAIN] - ERROR - Game.Logic.MapMgr - Map's file1054 is not exist!
2023-04-25 17:45:26,058 - [MAIN] - ERROR - Game.Logic.MapMgr - Map's file1053 is not exist!
2023-04-25 17:45:26,058 - [MAIN] - ERROR - Game.Logic.MapMgr - Map's file1052 is not exist!
2023-04-25 17:45:26,058 - [MAIN] - ERROR - Game.Logic.MapMgr - Map's file1051 is not exist!
2023-04-25 17:45:26,059 - [MAIN] - ERROR - Game.Logic.MapMgr - Map's file1050 is not exist!
2023-04-25 17:45:26,059 - [MAIN] - ERROR - Game.Logic.MapMgr - Map's file1049 is not exist!
2023-04-25 17:45:26,059 - [MAIN] - ERROR - Game.Logic.MapMgr - Map's file1048 is not exist!
2023-04-25 17:45:26,060 - [MAIN] - ERROR - Game.Logic.MapMgr - Map's file1047 is not exist!
2023-04-25 17:45:26,060 - [MAIN] - ERROR - Game.Logic.MapMgr - Map's file1046 is not exist!
2023-04-25 17:45:26,061 - [MAIN] - ERROR - Game.Logic.MapMgr - Map's file1045 is not exist!
2023-04-25 17:45:26,061 - [MAIN] - ERROR - Game.Logic.MapMgr - Map's file1044 is not exist!
2023-04-25 17:45:26,063 - [MAIN] - ERROR - Game.Logic.MapMgr - Map's file1043 is not exist!
2023-04-25 17:45:26,063 - [MAIN] - ERROR - Game.Logic.MapMgr - Map's file1042 is not exist!
2023-04-25 17:45:26,064 - [MAIN] - ERROR - Game.Logic.MapMgr - Map's file1041 is not exist!
2023-04-25 17:45:26,064 - [MAIN] - ERROR - Game.Logic.MapMgr - Map'2023-04-25 17:46:15,713 - [MAIN] - INFO  - Fighting.Server.FightServer - InitSocket Port:9208: True
2023-04-25 17:46:15,721 - [MAIN] - INFO  - Fighting.Server.FightServer - Recompile Scripts: True
2023-04-25 17:46:15,739 - [MAIN] - INFO  - Fighting.Server.FightServer - Registering global event handlers: true
2023-04-25 17:46:15,739 - [MAIN] - INFO  - Fighting.Server.FightServer - Script components: True
2023-04-25 17:46:15,740 - [MAIN] - INFO  - Fighting.Server.FightServer - RoomMgr.Setup: True
2023-04-25 17:46:16,338 - [MAIN] - INFO  - Fighting.Server.FightServer - GameMgr.Setup: True
2023-04-25 17:46:41,439 - [MAIN] - ERROR - Game.Logic.MapMgr - Map's file80004 is not exist!
2023-04-25 17:46:41,439 - [MAIN] - ERROR - Game.Logic.MapMgr - Map's file70025 is not exist!
2023-04-25 17:46:41,439 - [MAIN] - ERROR - Game.Logic.MapMgr - Map's file70022 is not exist!
2023-04-25 17:46:41,440 - [MAIN] - ERROR - Game.Logic.MapMgr - Map's file12016 is not exist!
2023-04-25 17:46:41,440 - [MAIN] - ERROR - Game.Logic.MapMgr - Map's file12006 is not exist!
2023-04-25 17:46:41,440 - [MAIN] - ERROR - Game.Logic.MapMgr - Map's file2013 is not exist!
2023-04-25 17:46:41,440 - [MAIN] - ERROR - Game.Logic.MapMgr - Map's file2012 is not exist!
2023-04-25 17:46:41,440 - [MAIN] - ERROR - Game.Logic.MapMgr - Map's file2010 is not exist!
2023-04-25 17:46:41,440 - [MAIN] - ERROR - Game.Logic.MapMgr - Map's file1709 is not exist!
2023-04-25 17:46:41,440 - [MAIN] - ERROR - Game.Logic.MapMgr - Map's file1708 is not exist!
2023-04-25 17:46:41,441 - [MAIN] - ERROR - Game.Logic.MapMgr - Map's file1706 is not exist!
2023-04-25 17:46:41,441 - [MAIN] - ERROR - Game.Logic.MapMgr - Map's file1705 is not exist!
2023-04-25 17:46:41,441 - [MAIN] - ERROR - Game.Logic.MapMgr - Map's file1704 is not exist!
2023-04-25 17:46:41,441 - [MAIN] - ERROR - Game.Logic.MapMgr - Map's file1703 is not exist!
2023-04-25 17:46:41,441 - [MAIN] - ERROR - Game.Logic.MapMgr - Map's file1702 is not exist!
2023-04-25 17:46:41,441 - [MAIN] - ERROR - Game.Logic.MapMgr - Map's file1638 is not exist!
2023-04-25 17:46:41,441 - [MAIN] - ERROR - Game.Logic.MapMgr - Map's file1497 is not exist!
2023-04-25 17:46:41,441 - [MAIN] - ERROR - Game.Logic.MapMgr - Map's file1493 is not exist!
2023-04-25 17:46:41,441 - [MAIN] - ERROR - Game.Logic.MapMgr - Map's file1491 is not exist!
2023-04-25 17:46:41,441 - [MAIN] - ERROR - Game.Logic.MapMgr - Map's file1490 is not exist!
2023-04-25 17:46:41,441 - [MAIN] - ERROR - Game.Logic.MapMgr - Map's file1488 is not exist!
2023-04-25 17:46:41,442 - [MAIN] - ERROR - Game.Logic.MapMgr - Map's file1487 is not exist!
2023-04-25 17:46:41,442 - [MAIN] - ERROR - Game.Logic.MapMgr - Map's file1486 is not exist!
2023-04-25 17:46:41,442 - [MAIN] - ERROR - Game.Logic.MapMgr - Map's file1481 is not exist!
2023-04-25 17:46:41,442 - [MAIN] - ERROR - Game.Logic.MapMgr - Map's file1480 is not exist!
2023-04-25 17:46:41,442 - [MAIN] - ERROR - Game.Logic.MapMgr - Map's file1479 is not exist!
2023-04-25 17:46:41,442 - [MAIN] - ERROR - Game.Logic.MapMgr - Map's file1478 is not exist!
2023-04-25 17:46:41,443 - [MAIN] - ERROR - Game.Logic.MapMgr - Map's file1477 is not exist!
2023-04-25 17:46:41,443 - [MAIN] - ERROR - Game.Logic.MapMgr - Map's file1476 is not exist!
2023-04-25 17:46:41,443 - [MAIN] - ERROR - Game.Logic.MapMgr - Map's file1475 is not exist!
2023-04-25 17:46:41,443 - [MAIN] - ERROR - Game.Logic.MapMgr - Map's file1474 is not exist!
2023-04-25 17:46:41,443 - [MAIN] - ERROR - Game.Logic.MapMgr - Map's file1458 is not exist!
2023-04-25 17:46:47,282 - [MAIN] - ERROR - Game.Logic.MapMgr - Map's file1457 is not exist!
2023-04-25 17:46:47,283 - [MAIN] - ERROR - Game.Logic.MapMgr - Map's file1456 is not exist!
2023-04-25 17:46:47,283 - [MAIN] - ERROR - Game.Logic.MapMgr - Map's file1455 is not exist!
2023-04-25 17:46:47,284 - [MAIN] - ERROR - Game.Logic.MapMgr - Map's file1429 is not exist!
2023-04-25 17:46:47,284 - [MAIN] - ERROR - Game.Logic.MapMgr - Map's file1402 is not exist!
2023-04-25 17:46:47,284 - [MAIN] - ERROR - Game.Logic.MapMgr - Map's file1401 is not exist!
2023-04-25 17:46:47,285 - [MAIN] - ERROR - Game.Logic.MapMgr - Map's file1400 is not exist!
2023-04-25 17:46:47,285 - [MAIN] - ERROR - Game.Logic.MapMgr - Map's file1350 is not exist!
2023-04-25 17:46:47,287 - [MAIN] - ERROR - Game.Logic.MapMgr - Map's file1346 is not exist!
2023-04-25 17:46:47,287 - [MAIN] - ERROR - Game.Logic.MapMgr - Map's file1345 is not exist!
2023-04-25 17:46:47,287 - [MAIN] - ERROR - Game.Logic.MapMgr - Map's file1344 is not exist!
2023-04-25 17:46:47,288 - [MAIN] - ERROR - Game.Logic.MapMgr - Map's file1343 is not exist!
2023-04-25 17:46:47,288 - [MAIN] - ERROR - Game.Logic.MapMgr - Map's file1342 is not exist!
2023-04-25 17:46:47,288 - [MAIN] - ERROR - Game.Logic.MapMgr - Map's file1328 is not exist!
2023-04-25 17:46:47,289 - [MAIN] - ERROR - Game.Logic.MapMgr - Map's file1303 is not exist!
2023-04-25 17:46:47,289 - [MAIN] - ERROR - Game.Logic.MapMgr - Map's file1302 is not exist!
2023-04-25 17:46:47,289 - [MAIN] - ERROR - Game.Logic.MapMgr - Map's file1268 is not exist!
2023-04-25 17:46:47,290 - [MAIN] - ERROR - Game.Logic.MapMgr - Map's file1267 is not exist!
2023-04-25 17:46:47,290 - [MAIN] - ERROR - Game.Logic.MapMgr - Map's file1266 is not exist!
2023-04-25 17:46:47,290 - [MAIN] - ERROR - Game.Logic.MapMgr - Map's file1253 is not exist!
2023-04-25 17:46:47,291 - [MAIN] - ERROR - Game.Logic.MapMgr - Map's file1252 is not exist!
2023-04-25 17:46:47,291 - [MAIN] - ERROR - Game.Logic.MapMgr - Map's file1251 is not exist!
2023-04-25 17:46:47,291 - [MAIN] - ERROR - Game.Logic.MapMgr - Map's file1250 is not exist!
2023-04-25 17:46:47,292 - [MAIN] - ERROR - Game.Logic.MapMgr - Map's file1243 is not exist!
2023-04-25 17:46:47,293 - [MAIN] - ERROR - Game.Logic.MapMgr - Map's file1220 is not exist!
2023-04-25 17:46:47,293 - [MAIN] - ERROR - Game.Logic.MapMgr - Map's file1219 is not exist!
2023-04-25 17:46:47,294 - [MAIN] - ERROR - Game.Logic.MapMgr - Map's file1218 is not exist!
2023-04-25 17:46:47,294 - [MAIN] - ERROR - Game.Logic.MapMgr - Map's file1217 is not exist!
2023-04-25 17:46:47,294 - [MAIN] - ERROR - Game.Logic.MapMgr - Map's file1216 is not exist!
2023-04-25 17:46:47,294 - [MAIN] - ERROR - Game.Logic.MapMgr - Map's file1215 is not exist!
2023-04-25 17:46:47,295 - [MAIN] - ERROR - Game.Logic.MapMgr - Map's file1214 is not exist!
2023-04-25 17:46:47,295 - [MAIN] - ERROR - Game.Logic.MapMgr - Map's file1213 is not exist!
2023-04-25 17:46:47,296 - [MAIN] - ERROR - Game.Logic.MapMgr - Map's file1211 is not exist!
2023-04-25 17:46:47,296 - [MAIN] - ERROR - Game.Logic.MapMgr - Map's file1210 is not exist!
2023-04-25 17:46:47,296 - [MAIN] - ERROR - Game.Logic.MapMgr - Map's file1209 is not exist!
2023-04-25 17:46:47,296 - [MAIN] - ERROR - Game.Logic.MapMgr - Map's file1208 is not exist!
2023-04-25 17:46:47,297 - [MAIN] - ERROR - Game.Logic.MapMgr - Map's file1207 is not exist!
2023-04-25 17:46:47,297 - [MAIN] - ERROR - Game.Logic.MapMgr - Map's file1205 is not exist!
2023-04-25 17:46:47,297 - [MAIN] - ERROR - Game.Logic.MapMgr - Map's file1204 is not exist!
2023-04-25 17:46:47,298 - [MAIN] - ERROR - Game.Logic.MapMgr - Map's file1202 is not exist!
2023-04-25 17:46:47,298 - [MAIN] - ERROR - Game.Logic.MapMgr - Map's file1201 is not exist!
2023-04-25 17:46:47,298 - [MAIN] - ERROR - Game.Logic.MapMgr - Map's file1198 is not exist!
2023-04-25 17:46:47,298 - [MAIN] - ERROR - Game.Logic.MapMgr - Map's file1197 is not exist!
2023-04-25 17:47:04,995 - [MAIN] - ERROR - Game.Logic.MapMgr - Map's file1196 is not exist!
2023-04-25 17:47:04,995 - [MAIN] - ERROR - Game.Logic.MapMgr - Map's file1195 is not exist!
2023-04-25 17:47:04,997 - [MAIN] - ERROR - Game.Logic.MapMgr - Map's file1194 is not exist!
2023-04-25 17:47:04,999 - [MAIN] - ERROR - Game.Logic.MapMgr - Map's file1193 is not exist!
2023-04-25 17:47:05,003 - [MAIN] - ERROR - Game.Logic.MapMgr - Map's file1192 is not exist!
2023-04-25 17:47:05,004 - [MAIN] - ERROR - Game.Logic.MapMgr - Map's file1191 is not exist!
2023-04-25 17:47:05,005 - [MAIN] - ERROR - Game.Logic.MapMgr - Map's file1190 is not exist!
2023-04-25 17:47:05,006 - [MAIN] - ERROR - Game.Logic.MapMgr - Map's file1189 is not exist!
2023-04-25 17:47:05,006 - [MAIN] - ERROR - Game.Logic.MapMgr - Map's file1188 is not exist!
2023-04-25 17:47:05,009 - [MAIN] - ERROR - Game.Logic.MapMgr - Map's file1187 is not exist!
2023-04-25 17:47:05,010 - [MAIN] - ERROR - Game.Logic.MapMgr - Map's file1186 is not exist!
2023-04-25 17:47:07,148 - [MAIN] - ERROR - Game.Logic.MapMgr - Map's file1185 is not exist!
2023-04-25 17:47:07,149 - [MAIN] - ERROR - Game.Logic.MapMgr - Map's file1184 is not exist!
2023-04-25 17:47:07,150 - [MAIN] - ERROR - Game.Logic.MapMgr - Map's file1180 is not exist!
2023-04-25 17:47:07,150 - [MAIN] - ERROR - Game.Logic.MapMgr - Map's file1179 is not exist!
2023-04-25 17:47:07,151 - [MAIN] - ERROR - Game.Logic.MapMgr - Map's file1178 is not exist!
2023-04-25 17:47:07,151 - [MAIN] - ERROR - Game.Logic.MapMgr - Map's file1177 is not exist!
2023-04-25 17:47:07,152 - [MAIN] - ERROR - Game.Logic.MapMgr - Map's file1176 is not exist!
2023-04-25 17:47:07,153 - [MAIN] - ERROR - Game.Logic.MapMgr - Map's file1175 is not exist!
2023-04-25 17:47:07,153 - [MAIN] - ERROR - Game.Logic.MapMgr - Map's file1174 is not exist!
2023-04-25 17:47:07,154 - [MAIN] - ERROR - Game.Logic.MapMgr - Map's file1173 is not exist!
2023-04-25 17:47:07,155 - [MAIN] - ERROR - Game.Logic.MapMgr - Map's file1172 is not exist!
2023-04-25 17:47:07,155 - [MAIN] - ERROR - Game.Logic.MapMgr - Map's file1171 is not exist!
2023-04-25 17:47:07,155 - [MAIN] - ERROR - Game.Logic.MapMgr - Map's file1170 is not exist!
2023-04-25 17:47:07,156 - [MAIN] - ERROR - Game.Logic.MapMgr - Map's file1169 is not exist!
2023-04-25 17:47:07,156 - [MAIN] - ERROR - Game.Logic.MapMgr - Map's file1168 is not exist!
2023-04-25 17:47:07,156 - [MAIN] - ERROR - Game.Logic.MapMgr - Map's file1167 is not exist!
2023-04-25 17:47:07,157 - [MAIN] - ERROR - Game.Logic.MapMgr - Map's file1166 is not exist!
2023-04-25 17:47:07,157 - [MAIN] - ERROR - Game.Logic.MapMgr - Map's file1165 is not exist!
2023-04-25 17:47:07,157 - [MAIN] - ERROR - Game.Logic.MapMgr - Map's file1164 is not exist!
2023-04-25 17:47:07,158 - [MAIN] - ERROR - Game.Logic.MapMgr - Map's file1163 is not exist!
2023-04-25 17:47:07,158 - [MAIN] - ERROR - Game.Logic.MapMgr - Map's file1162 is not exist!
2023-04-25 17:47:07,159 - [MAIN] - ERROR - Game.Logic.MapMgr - Map's file1161 is not exist!
2023-04-25 17:47:07,159 - [MAIN] - ERROR - Game.Logic.MapMgr - Map's file1160 is not exist!
2023-04-25 17:47:07,159 - [MAIN] - ERROR - Game.Logic.MapMgr - Map's file1159 is not exist!
2023-04-25 17:47:07,160 - [MAIN] - ERROR - Game.Logic.MapMgr - Map's file1158 is not exist!
2023-04-25 17:47:07,160 - [MAIN] - ERROR - Game.Logic.MapMgr - Map's file1157 is not exist!
2023-04-25 17:47:07,161 - [MAIN] - ERROR - Game.Logic.MapMgr - Map's file1156 is not exist!
2023-04-25 17:47:12,638 - [MAIN] - ERROR - Game.Logic.MapMgr - Map's file1155 is not exist!
2023-04-25 17:47:12,639 - [MAIN] - ERROR - Game.Logic.MapMgr - Map's file1154 is not exist!
2023-04-25 17:47:12,639 - [MAIN] - ERROR - Game.Logic.MapMgr - Map's file1153 is not exist!
2023-04-25 17:47:12,639 - [MAIN] - ERROR - Game.Logic.MapMgr - Map's file1152 is not exist!
2023-04-25 17:47:12,640 - [MAIN] - ERROR - Game.Logic.MapMgr - Map's file1151 is not exist!
2023-04-25 17:47:12,640 - [MAIN] - ERROR - Game.Logic.MapMgr - Map's file1150 is not exist!
2023-04-25 17:47:12,641 - [MAIN] - ERROR - Game.Logic.MapMgr - Map's file1149 is not exist!
2023-04-25 17:47:12,641 - [MAIN] - ERROR - Game.Logic.MapMgr - Map's file1148 is not exist!
2023-04-25 17:47:12,642 - [MAIN] - ERROR - Game.Logic.MapMgr - Map's file1147 is not exist!
2023-04-25 17:47:12,643 - [MAIN] - ERROR - Game.Logic.MapMgr - Map's file1146 is not exist!
2023-04-25 17:47:12,644 - [MAIN] - ERROR - Game.Logic.MapMgr - Map's file1145 is not exist!
2023-04-25 17:47:12,644 - [MAIN] - ERROR - Game.Logic.MapMgr - Map's file1144 is not exist!
2023-04-25 17:47:12,645 - [MAIN] - ERROR - Game.Logic.MapMgr - Map's file1143 is not exist!
2023-04-25 17:47:12,645 - [MAIN] - ERROR - Game.Logic.MapMgr - Map's file1142 is not exist!
2023-04-25 17:47:12,646 - [MAIN] - ERROR - Game.Logic.MapMgr - Map's file1141 is not exist!
2023-04-25 17:47:12,646 - [MAIN] - ERROR - Game.Logic.MapMgr - Map's file1138 is not exist!
2023-04-25 17:47:12,647 - [MAIN] - ERROR - Game.Logic.MapMgr - Map's file1137 is not exist!
2023-04-25 17:47:12,648 - [MAIN] - ERROR - Game.Logic.MapMgr - Map's file1136 is not exist!
2023-04-25 17:47:12,648 - [MAIN] - ERROR - Game.Logic.MapMgr - Map's file1135 is not exist!
2023-04-25 17:47:12,649 - [MAIN] - ERROR - Game.Logic.MapMgr - Map's file1134 is not exist!
2023-04-25 17:47:12,649 - [MAIN] - ERROR - Game.Logic.MapMgr - Map's file1133 is not exist!
2023-04-25 17:47:12,650 - [MAIN] - ERROR - Game.Logic.MapMgr - Map's file1132 is not exist!
2023-04-25 17:47:12,651 - [MAIN] - ERROR - Game.Logic.MapMgr - Map's file1129 is not exist!
2023-04-25 17:47:12,652 - [MAIN] - ERROR - Game.Logic.MapMgr - Map's file1128 is not exist!
2023-04-25 17:47:12,653 - [MAIN] - ERROR - Game.Logic.MapMgr - Map's file1126 is not exist!
2023-04-25 17:47:12,653 - [MAIN] - ERROR - Game.Logic.MapMgr - Map's file1125 is not exist!
2023-04-25 17:47:12,654 - [MAIN] - ERROR - Game.Logic.MapMgr - Map's file1124 is not exist!
2023-04-25 17:47:12,654 - [MAIN] - ERROR - Game.Logic.MapMgr - Map's file1123 is not exist!
2023-04-25 17:47:12,654 - [MAIN] - ERROR - Game.Logic.MapMgr - Map's file1122 is not exist!
2023-04-25 17:47:16,945 - [MAIN] - ERROR - Game.Logic.MapMgr - Map's file1121 is not exist!
2023-04-25 17:47:16,946 - [MAIN] - ERROR - Game.Logic.MapMgr - Map's file1120 is not exist!
2023-04-25 17:47:16,946 - [MAIN] - ERROR - Game.Logic.MapMgr - Map's file1119 is not exist!
2023-04-25 17:47:16,947 - [MAIN] - ERROR - Game.Logic.MapMgr - Map's file1118 is not exist!
2023-04-25 17:47:16,947 - [MAIN] - ERROR - Game.Logic.MapMgr - Map's file1114 is not exist!
2023-04-25 17:47:16,948 - [MAIN] - ERROR - Game.Logic.MapMgr - Map's file1113 is not exist!
2023-04-25 17:47:16,948 - [MAIN] - ERROR - Game.Logic.MapMgr - Map's file1112 is not exist!
2023-04-25 17:47:16,949 - [MAIN] - ERROR - Game.Logic.MapMgr - Map's file1111 is not exist!
2023-04-25 17:47:16,950 - [MAIN] - ERROR - Game.Logic.MapMgr - Map's file1110 is not exist!
2023-04-25 17:47:16,951 - [MAIN] - ERROR - Game.Logic.MapMgr - Map's file1109 is not exist!
2023-04-25 17:47:16,951 - [MAIN] - ERROR - Game.Logic.MapMgr - Map's file1108 is not exist!
2023-04-25 17:47:16,951 - [MAIN] - ERROR - Game.Logic.MapMgr - Map's file1107 is not exist!
2023-04-25 17:47:16,952 - [MAIN] - ERROR - Game.Logic.MapMgr - Map's file1106 is not exist!
2023-04-25 17:47:16,952 - [MAIN] - ERROR - Game.Logic.MapMgr - Map's file1105 is not exist!
2023-04-25 17:47:16,953 - [MAIN] - ERROR - Game.Logic.MapMgr - Map's file1104 is not exist!
2023-04-25 17:47:16,953 - [MAIN] - ERROR - Game.Logic.MapMgr - Map's file1103 is not exist!
2023-04-25 17:48:08,360 - [MAIN] - ERROR - Game.Logic.MapMgr - Map's file1102 is not exist!
2023-04-25 17:48:08,363 - [MAIN] - ERROR - Game.Logic.MapMgr - Map's file1101 is not exist!
2023-04-25 17:48:08,364 - [MAIN] - ERROR - Game.Logic.MapMgr - Map's file1100 is not exist!
2023-04-25 17:48:08,364 - [MAIN] - ERROR - Game.Logic.MapMgr - Map's file1099 is not exist!
2023-04-25 17:48:08,365 - [MAIN] - ERROR - Game.Logic.MapMgr - Map's file1098 is not exist!
2023-04-25 17:48:08,365 - [MAIN] - ERROR - Game.Logic.MapMgr - Map's file1097 is not exist!
2023-04-25 17:48:08,366 - [MAIN] - ERROR - Game.Logic.MapMgr - Map's file1096 is not exist!
2023-04-25 17:48:08,366 - [MAIN] - ERROR - Game.Logic.MapMgr - Map's file1095 is not exist!
2023-04-25 17:48:08,367 - [MAIN] - ERROR - Game.Logic.MapMgr - Map's file1094 is not exist!
2023-04-25 17:48:08,367 - [MAIN] - ERROR - Game.Logic.MapMgr - Map's file1093 is not exist!
2023-04-25 17:48:08,368 - [MAIN] - ERROR - Game.Logic.MapMgr - Map's file1092 is not exist!
2023-04-25 17:48:08,368 - [MAIN] - ERROR - Game.Logic.MapMgr - Map's file1091 is not exist!
2023-04-25 17:48:08,369 - [MAIN] - ERROR - Game.Logic.MapMgr - Map's file1090 is not exist!
2023-04-25 17:48:08,370 - [MAIN] - ERROR - Game.Logic.MapMgr - Map's file1088 is not exist!
2023-04-25 17:48:08,371 - [MAIN] - ERROR - Game.Logic.MapMgr - Map's file1087 is not exist!
2023-04-25 17:48:08,371 - [MAIN] - ERROR - Game.Logic.MapMgr - Map's file1086 is not exist!
2023-04-25 17:48:08,372 - [MAIN] - ERROR - Game.Logic.MapMgr - Map's file1085 is not exist!
2023-04-25 17:48:13,105 - [MAIN] - ERROR - Game.Logic.MapMgr - Map's file1084 is not exist!
2023-04-25 17:48:13,107 - [MAIN] - ERROR - Game.Logic.MapMgr - Map's file1083 is not exist!
2023-04-25 17:48:13,107 - [MAIN] - ERROR - Game.Logic.MapMgr - Map's file1082 is not exist!
2023-04-25 17:48:13,107 - [MAIN] - ERROR - Game.Logic.MapMgr - Map's file1078 is not exist!
2023-04-25 17:48:13,108 - [MAIN] - ERROR - Game.Logic.MapMgr - Map's file1076 is not exist!
2023-04-25 17:48:13,108 - [MAIN] - ERROR - Game.Logic.MapMgr - Map's file1075 is not exist!
2023-04-25 17:51:14,578 - [MAIN] - ERROR - Game.Logic.MapMgr - Map's file1074 is not exist!
2023-04-25 17:51:14,580 - [MAIN] - ERROR - Game.Logic.MapMgr - Map's file1073 is not exist!
2023-04-25 17:51:14,580 - [MAIN] - ERROR - Game.Logic.MapMgr - Map's file1072 is not exist!
2023-04-25 17:51:14,581 - [MAIN] - ERROR - Game.Logic.MapMgr - Map's file1071 is not exist!
2023-04-25 17:51:14,582 - [MAIN] - ERROR - Game.Logic.MapMgr - Map's file1068 is not exist!
2023-04-25 17:51:14,583 - [MAIN] - ERROR - Game.Logic.MapMgr - Map's file1067 is not exist!
2023-04-25 17:51:14,583 - [MAIN] - ERROR - Game.Logic.MapMgr - Map's file1066 is not exist!
2023-04-25 17:51:14,583 - [MAIN] - ERROR - Game.Logic.MapMgr - Map's file1065 is not exist!
2023-04-25 17:51:14,584 - [MAIN] - ERROR - Game.Logic.MapMgr - Map's file1064 is not exist!
2023-04-25 17:51:14,584 - [MAIN] - ERROR - Game.Logic.MapMgr - Map's file1063 is not exist!
2023-04-25 17:51:14,585 - [MAIN] - ERROR - Game.Logic.MapMgr - Map's file1062 is not exist!
2023-04-25 17:51:14,587 - [MAIN] - ERROR - Game.Logic.MapMgr - Map's file1061 is not exist!
2023-04-25 17:51:14,589 - [MAIN] - ERROR - Game.Logic.MapMgr - Map's file1060 is not exist!
2023-04-25 17:51:14,589 - [MAIN] - ERROR - Game.Logic.MapMgr - Map's file1059 is not exist!
2023-04-25 17:51:14,590 - [MAIN] - ERROR - Game.Logic.MapMgr - Map's file1058 is not exist!
2023-04-25 17:51:20,649 - [MAIN] - ERROR - Game.Logic.MapMgr - Map's file1057 is not exist!
2023-04-25 17:51:20,650 - [MAIN] - ERROR - Game.Logic.MapMgr - Map's file1056 is not exist!
2023-04-25 17:51:20,650 - [MAIN] - ERROR - Game.Logic.MapMgr - Map's file1055 is not exist!
2023-04-25 17:51:20,651 - [MAIN] - ERROR - Game.Logic.MapMgr - Map's file1054 is not exist!
2023-04-25 17:51:20,651 - [MAIN] - ERROR - Game.Logic.MapMgr - Map's file1053 is not exist!
2023-04-25 17:51:20,651 - [MAIN] - ERROR - Game.Logic.MapMgr - Map's file1052 is not exist!
2023-04-25 17:51:20,652 - [MAIN] - ERROR - Game.Logic.MapMgr - Map's file1051 is not exist!
2023-04-25 17:51:20,652 - [MAIN] - ERROR - Game.Logic.MapMgr - Map's file1050 is not exist!
2023-04-25 17:51:20,652 - [MAIN] - ERROR - Game.Logic.MapMgr - Map's file1049 is not exist!
2023-04-25 17:51:20,653 - [MAIN] - ERROR - Game.Logic.MapMgr - Map's file1048 is not exist!
2023-04-25 17:51:20,653 - [MAIN] - ERROR - Game.Logic.MapMgr - Map's file1047 is not exist!
2023-04-25 17:51:20,654 - [MAIN] - ERROR - Game.Logic.MapMgr - Map's file1046 is not exist!
2023-04-25 17:51:20,654 - [MAIN] - ERROR - Game.Logic.MapMgr - Map's file1045 is not exist!
2023-04-25 17:51:20,655 - [MAIN] - ERROR - Game.Logic.MapMgr - Map's file1044 is not exist!
2023-04-25 17:51:20,656 - [MAIN] - ERROR - Game.Logic.MapMgr - Map's file1043 is not exist!
2023-04-25 17:51:20,656 - [MAIN] - ERROR - Game.Logic.MapMgr - Map's file1042 is not exist!
2023-04-25 17:51:20,656 - [MAIN] - ERROR - Game.Logic.MapMgr - Map's file1041 is not exist!
2023-04-25 17:51:20,657 - [MAIN] - ERROR - Game.Logic.MapMgr - Map'2023-04-25 17:54:55,930 - [MAIN] - INFO  - Fighting.Server.FightServer - InitSocket Port:9208: True
2023-04-25 17:54:55,940 - [MAIN] - INFO  - Fighting.Server.FightServer - Recompile Scripts: True
2023-04-25 17:54:59,526 - [MAIN] - INFO  - Fighting.Server.FightServer - Registering global event handlers: true
2023-04-25 17:54:59,526 - [MAIN] - INFO  - Fighting.Server.FightServer - Script components: True
2023-04-25 17:54:59,527 - [MAIN] - INFO  - Fighting.Server.FightServer - RoomMgr.Setup: True
2023-04-25 17:54:59,528 - [MAIN] - INFO  - Fighting.Server.FightServer - GameMgr.Setup: True
2023-04-25 17:54:59,573 - [MAIN] - ERROR - Game.Logic.MapMgr - Map's file80004 is not exist!
2023-04-25 17:54:59,573 - [MAIN] - ERROR - Game.Logic.MapMgr - Map's file70025 is not exist!
2023-04-25 17:54:59,574 - [MAIN] - ERROR - Game.Logic.MapMgr - Map's file70022 is not exist!
2023-04-25 17:54:59,574 - [MAIN] - ERROR - Game.Logic.MapMgr - Map's file12016 is not exist!
2023-04-25 17:54:59,574 - [MAIN] - ERROR - Game.Logic.MapMgr - Map's file12006 is not exist!
2023-04-25 17:54:59,574 - [MAIN] - ERROR - Game.Logic.MapMgr - Map's file2013 is not exist!
2023-04-25 17:54:59,574 - [MAIN] - ERROR - Game.Logic.MapMgr - Map's file2012 is not exist!
2023-04-25 17:54:59,574 - [MAIN] - ERROR - Game.Logic.MapMgr - Map's file2010 is not exist!
2023-04-25 17:54:59,574 - [MAIN] - ERROR - Game.Logic.MapMgr - Map's file1709 is not exist!
2023-04-25 17:54:59,574 - [MAIN] - ERROR - Game.Logic.MapMgr - Map's file1708 is not exist!
2023-04-25 17:54:59,574 - [MAIN] - ERROR - Game.Logic.MapMgr - Map's file1706 is not exist!
2023-04-25 17:54:59,575 - [MAIN] - ERROR - Game.Logic.MapMgr - Map's file1705 is not exist!
2023-04-25 17:54:59,575 - [MAIN] - ERROR - Game.Logic.MapMgr - Map's file1704 is not exist!
2023-04-25 17:54:59,575 - [MAIN] - ERROR - Game.Logic.MapMgr - Map's file1703 is not exist!
2023-04-25 17:54:59,575 - [MAIN] - ERROR - Game.Logic.MapMgr - Map's file1702 is not exist!
2023-04-25 17:54:59,575 - [MAIN] - ERROR - Game.Logic.MapMgr - Map's file1638 is not exist!
2023-04-25 17:54:59,575 - [MAIN] - ERROR - Game.Logic.MapMgr - Map's file1497 is not exist!
2023-04-25 17:54:59,575 - [MAIN] - ERROR - Game.Logic.MapMgr - Map's file1493 is not exist!
2023-04-25 17:54:59,575 - [MAIN] - ERROR - Game.Logic.MapMgr - Map's file1491 is not exist!
2023-04-25 17:54:59,575 - [MAIN] - ERROR - Game.Logic.MapMgr - Map's file1490 is not exist!
2023-04-25 17:54:59,576 - [MAIN] - ERROR - Game.Logic.MapMgr - Map's file1488 is not exist!
2023-04-25 17:54:59,576 - [MAIN] - ERROR - Game.Logic.MapMgr - Map's file1487 is not exist!
2023-04-25 17:54:59,576 - [MAIN] - ERROR - Game.Logic.MapMgr - Map's file1486 is not exist!
2023-04-25 17:54:59,576 - [MAIN] - ERROR - Game.Logic.MapMgr - Map's file1481 is not exist!
2023-04-25 17:54:59,576 - [MAIN] - ERROR - Game.Logic.MapMgr - Map's file1480 is not exist!
2023-04-25 17:54:59,576 - [MAIN] - ERROR - Game.Logic.MapMgr - Map's file1479 is not exist!
2023-04-25 17:54:59,577 - [MAIN] - ERROR - Game.Logic.MapMgr - Map's file1478 is not exist!
2023-04-25 17:54:59,577 - [MAIN] - ERROR - Game.Logic.MapMgr - Map's file1477 is not exist!
2023-04-25 17:54:59,577 - [MAIN] - ERROR - Game.Logic.MapMgr - Map's file1476 is not exist!
2023-04-25 17:54:59,577 - [MAIN] - ERROR - Game.Logic.MapMgr - Map's file1475 is not exist!
2023-04-25 17:54:59,578 - [MAIN] - ERROR - Game.Logic.MapMgr - Map's file1474 is not exist!
2023-04-25 17:54:59,578 - [MAIN] - ERROR - Game.Logic.MapMgr - Map's file1458 is not exist!
2023-04-25 17:54:59,578 - [MAIN] - ERROR - Game.Logic.MapMgr - Map's file1457 is not exist!
2023-04-25 17:54:59,578 - [MAIN] - ERROR - Game.Logic.MapMgr - Map's file1456 is not exist!
2023-04-25 17:54:59,579 - [MAIN] - ERROR - Game.Logic.MapMgr - Map's file1455 is not exist!
2023-04-25 17:54:59,579 - [MAIN] - ERROR - Game.Logic.MapMgr - Map's file1429 is not exist!
2023-04-25 17:54:59,579 - [MAIN] - ERROR - Game.Logic.MapMgr - Map's file1402 is not exist!
2023-04-25 17:54:59,579 - [MAIN] - ERROR - Game.Logic.MapMgr - Map's file1401 is not exist!
2023-04-25 17:54:59,579 - [MAIN] - ERROR - Game.Logic.MapMgr - Map's file1400 is not exist!
2023-04-25 17:54:59,580 - [MAIN] - ERROR - Game.Logic.MapMgr - Map's file1350 is not exist!
2023-04-25 17:54:59,580 - [MAIN] - ERROR - Game.Logic.MapMgr - Map's file1346 is not exist!
2023-04-25 17:54:59,580 - [MAIN] - ERROR - Game.Logic.MapMgr - Map's file1345 is not exist!
2023-04-25 17:54:59,580 - [MAIN] - ERROR - Game.Logic.MapMgr - Map's file1344 is not exist!
2023-04-25 17:54:59,581 - [MAIN] - ERROR - Game.Logic.MapMgr - Map's file1343 is not exist!
2023-04-25 17:54:59,581 - [MAIN] - ERROR - Game.Logic.MapMgr - Map's file1342 is not exist!
2023-04-25 17:54:59,581 - [MAIN] - ERROR - Game.Logic.MapMgr - Map's file1328 is not exist!
2023-04-25 17:54:59,581 - [MAIN] - ERROR - Game.Logic.MapMgr - Map's file1303 is not exist!
2023-04-25 17:54:59,582 - [MAIN] - ERROR - Game.Logic.MapMgr - Map's file1302 is not exist!
2023-04-25 17:54:59,582 - [MAIN] - ERROR - Game.Logic.MapMgr - Map's file1268 is not exist!
2023-04-25 17:54:59,582 - [MAIN] - ERROR - Game.Logic.MapMgr - Map's file1267 is not exist!
2023-04-25 17:54:59,582 - [MAIN] - ERROR - Game.Logic.MapMgr - Map's file1266 is not exist!
2023-04-25 17:54:59,582 - [MAIN] - ERROR - Game.Logic.MapMgr - Map's file1253 is not exist!
2023-04-25 17:54:59,583 - [MAIN] - ERROR - Game.Logic.MapMgr - Map's file1252 is not exist!
2023-04-25 17:54:59,583 - [MAIN] - ERROR - Game.Logic.MapMgr - Map's file1251 is not exist!
2023-04-25 17:54:59,583 - [MAIN] - ERROR - Game.Logic.MapMgr - Map's file1250 is not exist!
2023-04-25 17:54:59,584 - [MAIN] - ERROR - Game.Logic.MapMgr - Map's file1243 is not exist!
2023-04-25 17:54:59,586 - [MAIN] - ERROR - Game.Logic.MapMgr - Map's file1220 is not exist!
2023-04-25 17:54:59,586 - [MAIN] - ERROR - Game.Logic.MapMgr - Map's file1219 is not exist!
2023-04-25 17:54:59,587 - [MAIN] - ERROR - Game.Logic.MapMgr - Map's file1218 is not exist!
2023-04-25 17:54:59,587 - [MAIN] - ERROR - Game.Logic.MapMgr - Map's file1217 is not exist!
2023-04-25 17:54:59,587 - [MAIN] - ERROR - Game.Logic.MapMgr - Map's file1216 is not exist!
2023-04-25 17:54:59,587 - [MAIN] - ERROR - Game.Logic.MapMgr - Map's file1215 is not exist!
2023-04-25 17:54:59,587 - [MAIN] - ERROR - Game.Logic.MapMgr - Map's file1214 is not exist!
2023-04-25 17:54:59,588 - [MAIN] - ERROR - Game.Logic.MapMgr - Map's file1213 is not exist!
2023-04-25 17:54:59,588 - [MAIN] - ERROR - Game.Logic.MapMgr - Map's file1211 is not exist!
2023-04-25 17:54:59,588 - [MAIN] - ERROR - Game.Logic.MapMgr - Map's file1210 is not exist!
2023-04-25 17:54:59,588 - [MAIN] - ERROR - Game.Logic.MapMgr - Map's file1209 is not exist!
2023-04-25 17:54:59,589 - [MAIN] - ERROR - Game.Logic.MapMgr - Map's file1208 is not exist!
2023-04-25 17:54:59,589 - [MAIN] - ERROR - Game.Logic.MapMgr - Map's file1207 is not exist!
2023-04-25 17:54:59,589 - [MAIN] - ERROR - Game.Logic.MapMgr - Map's file1205 is not exist!
2023-04-25 17:54:59,589 - [MAIN] - ERROR - Game.Logic.MapMgr - Map's file1204 is not exist!
2023-04-25 17:54:59,589 - [MAIN] - ERROR - Game.Logic.MapMgr - Map's file1202 is not exist!
2023-04-25 17:54:59,590 - [MAIN] - ERROR - Game.Logic.MapMgr - Map's file1201 is not exist!
2023-04-25 17:54:59,590 - [MAIN] - ERROR - Game.Logic.MapMgr - Map's file1198 is not exist!
2023-04-25 17:54:59,590 - [MAIN] - ERROR - Game.Logic.MapMgr - Map's file1197 is not exist!
2023-04-25 17:54:59,590 - [MAIN] - ERROR - Game.Logic.MapMgr - Map's file1196 is not exist!
2023-04-25 17:54:59,591 - [MAIN] - ERROR - Game.Logic.MapMgr - Map's file1195 is not exist!
2023-04-25 17:54:59,591 - [MAIN] - ERROR - Game.Logic.MapMgr - Map's file1194 is not exist!
2023-04-25 17:54:59,591 - [MAIN] - ERROR - Game.Logic.MapMgr - Map's file1193 is not exist!
2023-04-25 17:54:59,591 - [MAIN] - ERROR - Game.Logic.MapMgr - Map's file1192 is not exist!
2023-04-25 17:54:59,591 - [MAIN] - ERROR - Game.Logic.MapMgr - Map's file1191 is not exist!
2023-04-25 17:54:59,592 - [MAIN] - ERROR - Game.Logic.MapMgr - Map's file1190 is not exist!
2023-04-25 17:54:59,592 - [MAIN] - ERROR - Game.Logic.MapMgr - Map's file1189 is not exist!
2023-04-25 17:54:59,592 - [MAIN] - ERROR - Game.Logic.MapMgr - Map's file1188 is not exist!
2023-04-25 17:54:59,592 - [MAIN] - ERROR - Game.Logic.MapMgr - Map's file1187 is not exist!
2023-04-25 17:54:59,592 - [MAIN] - ERROR - Game.Logic.MapMgr - Map's file1186 is not exist!
2023-04-25 17:54:59,593 - [MAIN] - ERROR - Game.Logic.MapMgr - Map's file1185 is not exist!
2023-04-25 17:54:59,593 - [MAIN] - ERROR - Game.Logic.MapMgr - Map's file1184 is not exist!
2023-04-25 17:54:59,593 - [MAIN] - ERROR - Game.Logic.MapMgr - Map's file1180 is not exist!
2023-04-25 17:54:59,593 - [MAIN] - ERROR - Game.Logic.MapMgr - Map's file1179 is not exist!
2023-04-25 17:54:59,593 - [MAIN] - ERROR - Game.Logic.MapMgr - Map's file1178 is not exist!
2023-04-25 17:54:59,594 - [MAIN] - ERROR - Game.Logic.MapMgr - Map's file1177 is not exist!
2023-04-25 17:54:59,594 - [MAIN] - ERROR - Game.Logic.MapMgr - Map's file1176 is not exist!
2023-04-25 17:54:59,594 - [MAIN] - ERROR - Game.Logic.MapMgr - Map's file1175 is not exist!
2023-04-25 17:54:59,594 - [MAIN] - ERROR - Game.Logic.MapMgr - Map's file1174 is not exist!
2023-04-25 17:54:59,594 - [MAIN] - ERROR - Game.Logic.MapMgr - Map's file1173 is not exist!
2023-04-25 17:54:59,595 - [MAIN] - ERROR - Game.Logic.MapMgr - Map's file1172 is not exist!
2023-04-25 17:54:59,595 - [MAIN] - ERROR - Game.Logic.MapMgr - Map's file1171 is not exist!
2023-04-25 17:54:59,595 - [MAIN] - ERROR - Game.Logic.MapMgr - Map's file1170 is not exist!
2023-04-25 17:54:59,595 - [MAIN] - ERROR - Game.Logic.MapMgr - Map's file1169 is not exist!
2023-04-25 17:54:59,595 - [MAIN] - ERROR - Game.Logic.MapMgr - Map's file1168 is not exist!
2023-04-25 17:54:59,596 - [MAIN] - ERROR - Game.Logic.MapMgr - Map's file1167 is not exist!
2023-04-25 17:54:59,596 - [MAIN] - ERROR - Game.Logic.MapMgr - Map's file1166 is not exist!
2023-04-25 17:54:59,596 - [MAIN] - ERROR - Game.Logic.MapMgr - Map's file1165 is not exist!
2023-04-25 17:54:59,596 - [MAIN] - ERROR - Game.Logic.MapMgr - Map's file1164 is not exist!
2023-04-25 17:54:59,597 - [MAIN] - ERROR - Game.Logic.MapMgr - Map's file1163 is not exist!
2023-04-25 17:54:59,597 - [MAIN] - ERROR - Game.Logic.MapMgr - Map's file1162 is not exist!
2023-04-25 17:54:59,597 - [MAIN] - ERROR - Game.Logic.MapMgr - Map's file1161 is not exist!
2023-04-25 17:54:59,597 - [MAIN] - ERROR - Game.Logic.MapMgr - Map's file1160 is not exist!
2023-04-25 17:54:59,597 - [MAIN] - ERROR - Game.Logic.MapMgr - Map's file1159 is not exist!
2023-04-25 17:54:59,598 - [MAIN] - ERROR - Game.Logic.MapMgr - Map's file1158 is not exist!
2023-04-25 17:54:59,598 - [MAIN] - ERROR - Game.Logic.MapMgr - Map's file1157 is not exist!
2023-04-25 17:54:59,598 - [MAIN] - ERROR - Game.Logic.MapMgr - Map's file1156 is not exist!
2023-04-25 17:54:59,598 - [MAIN] - ERROR - Game.Logic.MapMgr - Map's file1155 is not exist!
2023-04-25 17:54:59,599 - [MAIN] - ERROR - Game.Logic.MapMgr - Map's file1154 is not exist!
2023-04-25 17:54:59,599 - [MAIN] - ERROR - Game.Logic.MapMgr - Map's file1153 is not exist!
2023-04-25 17:54:59,599 - [MAIN] - ERROR - Game.Logic.MapMgr - Map's file1152 is not exist!
2023-04-25 17:54:59,599 - [MAIN] - ERROR - Game.Logic.MapMgr - Map's file1151 is not exist!
2023-04-25 17:54:59,599 - [MAIN] - ERROR - Game.Logic.MapMgr - Map's file1150 is not exist!
2023-04-25 17:54:59,602 - [MAIN] - ERROR - Game.Logic.MapMgr - Map's file1149 is not exist!
2023-04-25 17:54:59,602 - [MAIN] - ERROR - Game.Logic.MapMgr - Map's file1148 is not exist!
2023-04-25 17:54:59,602 - [MAIN] - ERROR - Game.Logic.MapMgr - Map's file1147 is not exist!
2023-04-25 17:54:59,603 - [MAIN] - ERROR - Game.Logic.MapMgr - Map's file1146 is not exist!
2023-04-25 17:54:59,603 - [MAIN] - ERROR - Game.Logic.MapMgr - Map's file1145 is not exist!
2023-04-25 17:54:59,603 - [MAIN] - ERROR - Game.Logic.MapMgr - Map's file1144 is not exist!
2023-04-25 17:54:59,603 - [MAIN] - ERROR - Game.Logic.MapMgr - Map's file1143 is not exist!
2023-04-25 17:54:59,603 - [MAIN] - ERROR - Game.Logic.MapMgr - Map's file1142 is not exist!
2023-04-25 17:54:59,604 - [MAIN] - ERROR - Game.Logic.MapMgr - Map's file1141 is not exist!
2023-04-25 17:54:59,604 - [MAIN] - ERROR - Game.Logic.MapMgr - Map's file1138 is not exist!
2023-04-25 17:54:59,604 - [MAIN] - ERROR - Game.Logic.MapMgr - Map's file1137 is not exist!
2023-04-25 17:54:59,604 - [MAIN] - ERROR - Game.Logic.MapMgr - Map's file1136 is not exist!
2023-04-25 17:54:59,605 - [MAIN] - ERROR - Game.Logic.MapMgr - Map's file1135 is not exist!
2023-04-25 17:54:59,605 - [MAIN] - ERROR - Game.Logic.MapMgr - Map's file1134 is not exist!
2023-04-25 17:54:59,605 - [MAIN] - ERROR - Game.Logic.MapMgr - Map's file1133 is not exist!
2023-04-25 17:54:59,605 - [MAIN] - ERROR - Game.Logic.MapMgr - Map's file1132 is not exist!
2023-04-25 17:54:59,605 - [MAIN] - ERROR - Game.Logic.MapMgr - Map's file1129 is not exist!
2023-04-25 17:54:59,606 - [MAIN] - ERROR - Game.Logic.MapMgr - Map's file1128 is not exist!
2023-04-25 17:54:59,606 - [MAIN] - ERROR - Game.Logic.MapMgr - Map's file1126 is not exist!
2023-04-25 17:54:59,606 - [MAIN] - ERROR - Game.Logic.MapMgr - Map's file1125 is not exist!
2023-04-25 17:54:59,606 - [MAIN] - ERROR - Game.Logic.MapMgr - Map's file1124 is not exist!
2023-04-25 17:54:59,607 - [MAIN] - ERROR - Game.Logic.MapMgr - Map's file1123 is not exist!
2023-04-25 17:54:59,607 - [MAIN] - ERROR - Game.Logic.MapMgr - Map's file1122 is not exist!
2023-04-25 17:54:59,607 - [MAIN] - ERROR - Game.Logic.MapMgr - Map's file1121 is not exist!
2023-04-25 17:54:59,607 - [MAIN] - ERROR - Game.Logic.MapMgr - Map's file1120 is not exist!
2023-04-25 17:54:59,608 - [MAIN] - ERROR - Game.Logic.MapMgr - Map's file1119 is not exist!
2023-04-25 17:54:59,608 - [MAIN] - ERROR - Game.Logic.MapMgr - Map's file1118 is not exist!
2023-04-25 17:54:59,608 - [MAIN] - ERROR - Game.Logic.MapMgr - Map's file1114 is not exist!
2023-04-25 17:54:59,608 - [MAIN] - ERROR - Game.Logic.MapMgr - Map's file1113 is not exist!
2023-04-25 17:54:59,608 - [MAIN] - ERROR - Game.Logic.MapMgr - Map's file1112 is not exist!
2023-04-25 17:54:59,609 - [MAIN] - ERROR - Game.Logic.MapMgr - Map's file1111 is not exist!
2023-04-25 17:54:59,609 - [MAIN] - ERROR - Game.Logic.MapMgr - Map's file1110 is not exist!
2023-04-25 17:54:59,609 - [MAIN] - ERROR - Game.Logic.MapMgr - Map's file1109 is not exist!
2023-04-25 17:54:59,609 - [MAIN] - ERROR - Game.Logic.MapMgr - Map's file1108 is not exist!
2023-04-25 17:54:59,610 - [MAIN] - ERROR - Game.Logic.MapMgr - Map's file1107 is not exist!
2023-04-25 17:54:59,610 - [MAIN] - ERROR - Game.Logic.MapMgr - Map's file1106 is not exist!
2023-04-25 17:54:59,610 - [MAIN] - ERROR - Game.Logic.MapMgr - Map's file1105 is not exist!
2023-04-25 17:54:59,610 - [MAIN] - ERROR - Game.Logic.MapMgr - Map's file1104 is not exist!
2023-04-25 17:54:59,610 - [MAIN] - ERROR - Game.Logic.MapMgr - Map's file1103 is not exist!
2023-04-25 17:54:59,611 - [MAIN] - ERROR - Game.Logic.MapMgr - Map's file1102 is not exist!
2023-04-25 17:54:59,611 - [MAIN] - ERROR - Game.Logic.MapMgr - Map's file1101 is not exist!
2023-04-25 17:54:59,611 - [MAIN] - ERROR - Game.Logic.MapMgr - Map's file1100 is not exist!
2023-04-25 17:54:59,611 - [MAIN] - ERROR - Game.Logic.MapMgr - Map's file1099 is not exist!
2023-04-25 17:54:59,612 - [MAIN] - ERROR - Game.Logic.MapMgr - Map's file1098 is not exist!
2023-04-25 17:54:59,612 - [MAIN] - ERROR - Game.Logic.MapMgr - Map's file1097 is not exist!
2023-04-25 17:54:59,612 - [MAIN] - ERROR - Game.Logic.MapMgr - Map's file1096 is not exist!
2023-04-25 17:54:59,612 - [MAIN] - ERROR - Game.Logic.MapMgr - Map's file1095 is not exist!
2023-04-25 17:54:59,612 - [MAIN] - ERROR - Game.Logic.MapMgr - Map's file1094 is not exist!
2023-04-25 17:54:59,613 - [MAIN] - ERROR - Game.Logic.MapMgr - Map's file1093 is not exist!
2023-04-25 17:54:59,613 - [MAIN] - ERROR - Game.Logic.MapMgr - Map's file1092 is not exist!
2023-04-25 17:54:59,613 - [MAIN] - ERROR - Game.Logic.MapMgr - Map's file1091 is not exist!
2023-04-25 17:54:59,613 - [MAIN] - ERROR - Game.Logic.MapMgr - Map's file1090 is not exist!
2023-04-25 17:54:59,613 - [MAIN] - ERROR - Game.Logic.MapMgr - Map's file1088 is not exist!
2023-04-25 17:54:59,614 - [MAIN] - ERROR - Game.Logic.MapMgr - Map's file1087 is not exist!
2023-04-25 17:54:59,614 - [MAIN] - ERROR - Game.Logic.MapMgr - Map's file1086 is not exist!
2023-04-25 17:54:59,614 - [MAIN] - ERROR - Game.Logic.MapMgr - Map's file1085 is not exist!
2023-04-25 17:54:59,614 - [MAIN] - ERROR - Game.Logic.MapMgr - Map's file1084 is not exist!
2023-04-25 17:54:59,614 - [MAIN] - ERROR - Game.Logic.MapMgr - Map's file1083 is not exist!
2023-04-25 17:54:59,615 - [MAIN] - ERROR - Game.Logic.MapMgr - Map's file1082 is not exist!
2023-04-25 17:54:59,615 - [MAIN] - ERROR - Game.Logic.MapMgr - Map's file1078 is not exist!
2023-04-25 17:54:59,615 - [MAIN] - ERROR - Game.Logic.MapMgr - Map's file1076 is not exist!
2023-04-25 17:54:59,615 - [MAIN] - ERROR - Game.Logic.MapMgr - Map's file1075 is not exist!
2023-04-25 17:54:59,616 - [MAIN] - ERROR - Game.Logic.MapMgr - Map's file1074 is not exist!
2023-04-25 17:54:59,617 - [MAIN] - ERROR - Game.Logic.MapMgr - Map's file1073 is not exist!
2023-04-25 17:54:59,617 - [MAIN] - ERROR - Game.Logic.MapMgr - Map's file1072 is not exist!
2023-04-25 17:54:59,619 - [MAIN] - ERROR - Game.Logic.MapMgr - Map's file1071 is not exist!
2023-04-25 17:54:59,620 - [MAIN] - ERROR - Game.Logic.MapMgr - Map's file1068 is not exist!
2023-04-25 17:54:59,620 - [MAIN] - ERROR - Game.Logic.MapMgr - Map's file1067 is not exist!
2023-04-25 17:54:59,620 - [MAIN] - ERROR - Game.Logic.MapMgr - Map's file1066 is not exist!
2023-04-25 17:54:59,621 - [MAIN] - ERROR - Game.Logic.MapMgr - Map's file1065 is not exist!
2023-04-25 17:54:59,621 - [MAIN] - ERROR - Game.Logic.MapMgr - Map's file1064 is not exist!
2023-04-25 17:54:59,621 - [MAIN] - ERROR - Game.Logic.MapMgr - Map's file1063 is not exist!
2023-04-25 17:54:59,621 - [MAIN] - ERROR - Game.Logic.MapMgr - Map's file1062 is not exist!
2023-04-25 17:54:59,621 - [MAIN] - ERROR - Game.Logic.MapMgr - Map's file1061 is not exist!
2023-04-25 17:54:59,622 - [MAIN] - ERROR - Game.Logic.MapMgr - Map's file1060 is not exist!
2023-04-25 17:54:59,622 - [MAIN] - ERROR - Game.Logic.MapMgr - Map's file1059 is not exist!
2023-04-25 17:54:59,622 - [MAIN] - ERROR - Game.Logic.MapMgr - Map's file1058 is not exist!
2023-04-25 17:54:59,622 - [MAIN] - ERROR - Game.Logic.MapMgr - Map's file1057 is not exist!
2023-04-25 17:54:59,622 - [MAIN] - ERROR - Game.Logic.MapMgr - Map's file1056 is not exist!
2023-04-25 17:54:59,623 - [MAIN] - ERROR - Game.Logic.MapMgr - Map's file1055 is not exist!
2023-04-25 17:54:59,623 - [MAIN] - ERROR - Game.Logic.MapMgr - Map's file1054 is not exist!
2023-04-25 17:54:59,623 - [MAIN] - ERROR - Game.Logic.MapMgr - Map's file1053 is not exist!
2023-04-25 17:54:59,623 - [MAIN] - ERROR - Game.Logic.MapMgr - Map's file1052 is not exist!
2023-04-25 17:54:59,624 - [MAIN] - ERROR - Game.Logic.MapMgr - Map's file1051 is not exist!
2023-04-25 17:54:59,624 - [MAIN] - ERROR - Game.Logic.MapMgr - Map's file1050 is not exist!
2023-04-25 17:54:59,624 - [MAIN] - ERROR - Game.Logic.MapMgr - Map's file1049 is not exist!
2023-04-25 17:54:59,625 - [MAIN] - ERROR - Game.Logic.MapMgr - Map's file1048 is not exist!
2023-04-25 17:54:59,625 - [MAIN] - ERROR - Game.Logic.MapMgr - Map's file1047 is not exist!
2023-04-25 17:54:59,625 - [MAIN] - ERROR - Game.Logic.MapMgr - Map's file1046 is not exist!
2023-04-25 17:54:59,625 - [MAIN] - ERROR - Game.Logic.MapMgr - Map's file1045 is not exist!
2023-04-25 17:54:59,626 - [MAIN] - ERROR - Game.Logic.MapMgr - Map's file1044 is not exist!
2023-04-25 17:54:59,626 - [MAIN] - ERROR - Game.Logic.MapMgr - Map's file1043 is not exist!
2023-04-25 17:54:59,626 - [MAIN] - ERROR - Game.Logic.MapMgr - Map's file1042 is not exist!
2023-04-25 17:54:59,626 - [MAIN] - ERROR - Game.Logic.MapMgr - Map's file1041 is not exist!
2023-04-25 17:54:59,627 - [MAIN] - ERROR - Game.Logic.MapMgr - Map'2023-04-25 17:58:06,117 - [MAIN] - INFO  - Fighting.Server.FightServer - InitSocket Port:9208: True
2023-04-25 17:58:06,134 - [MAIN] - INFO  - Fighting.Server.FightServer - Recompile Scripts: True
2023-04-25 17:58:06,150 - [MAIN] - INFO  - Fighting.Server.FightServer - Registering global event handlers: true
2023-04-25 17:58:06,150 - [MAIN] - INFO  - Fighting.Server.FightServer - Script components: True
2023-04-25 17:58:06,151 - [MAIN] - INFO  - Fighting.Server.FightServer - RoomMgr.Setup: True
2023-04-25 17:58:06,151 - [MAIN] - INFO  - Fighting.Server.FightServer - GameMgr.Setup: True
2023-04-25 17:58:06,186 - [MAIN] - ERROR - Game.Logic.MapMgr - Map's file80004 is not exist!
2023-04-25 17:58:06,187 - [MAIN] - ERROR - Game.Logic.MapMgr - Map's file70025 is not exist!
2023-04-25 17:58:06,187 - [MAIN] - ERROR - Game.Logic.MapMgr - Map's file70022 is not exist!
2023-04-25 17:58:06,187 - [MAIN] - ERROR - Game.Logic.MapMgr - Map's file12016 is not exist!
2023-04-25 17:58:06,187 - [MAIN] - ERROR - Game.Logic.MapMgr - Map's file12006 is not exist!
2023-04-25 17:58:06,187 - [MAIN] - ERROR - Game.Logic.MapMgr - Map's file2013 is not exist!
2023-04-25 17:58:06,187 - [MAIN] - ERROR - Game.Logic.MapMgr - Map's file2012 is not exist!
2023-04-25 17:58:06,187 - [MAIN] - ERROR - Game.Logic.MapMgr - Map's file2010 is not exist!
2023-04-25 17:58:06,187 - [MAIN] - ERROR - Game.Logic.MapMgr - Map's file1709 is not exist!
2023-04-25 17:58:06,187 - [MAIN] - ERROR - Game.Logic.MapMgr - Map's file1708 is not exist!
2023-04-25 17:58:06,187 - [MAIN] - ERROR - Game.Logic.MapMgr - Map's file1706 is not exist!
2023-04-25 17:58:06,188 - [MAIN] - ERROR - Game.Logic.MapMgr - Map's file1705 is not exist!
2023-04-25 17:58:06,188 - [MAIN] - ERROR - Game.Logic.MapMgr - Map's file1704 is not exist!
2023-04-25 17:58:06,188 - [MAIN] - ERROR - Game.Logic.MapMgr - Map's file1703 is not exist!
2023-04-25 17:58:06,188 - [MAIN] - ERROR - Game.Logic.MapMgr - Map's file1702 is not exist!
2023-04-25 17:58:06,188 - [MAIN] - ERROR - Game.Logic.MapMgr - Map's file1638 is not exist!
2023-04-25 17:58:06,188 - [MAIN] - ERROR - Game.Logic.MapMgr - Map's file1497 is not exist!
2023-04-25 17:58:06,188 - [MAIN] - ERROR - Game.Logic.MapMgr - Map's file1493 is not exist!
2023-04-25 17:58:06,188 - [MAIN] - ERROR - Game.Logic.MapMgr - Map's file1491 is not exist!
2023-04-25 17:58:06,188 - [MAIN] - ERROR - Game.Logic.MapMgr - Map's file1490 is not exist!
2023-04-25 17:58:06,188 - [MAIN] - ERROR - Game.Logic.MapMgr - Map's file1488 is not exist!
2023-04-25 17:58:06,188 - [MAIN] - ERROR - Game.Logic.MapMgr - Map's file1487 is not exist!
2023-04-25 17:58:06,188 - [MAIN] - ERROR - Game.Logic.MapMgr - Map's file1486 is not exist!
2023-04-25 17:58:06,189 - [MAIN] - ERROR - Game.Logic.MapMgr - Map's file1481 is not exist!
2023-04-25 17:58:06,189 - [MAIN] - ERROR - Game.Logic.MapMgr - Map's file1480 is not exist!
2023-04-25 17:58:06,189 - [MAIN] - ERROR - Game.Logic.MapMgr - Map's file1479 is not exist!
2023-04-25 17:58:06,189 - [MAIN] - ERROR - Game.Logic.MapMgr - Map's file1478 is not exist!
2023-04-25 17:58:06,189 - [MAIN] - ERROR - Game.Logic.MapMgr - Map's file1477 is not exist!
2023-04-25 17:58:06,190 - [MAIN] - ERROR - Game.Logic.MapMgr - Map's file1476 is not exist!
2023-04-25 17:58:06,190 - [MAIN] - ERROR - Game.Logic.MapMgr - Map's file1475 is not exist!
2023-04-25 17:58:06,190 - [MAIN] - ERROR - Game.Logic.MapMgr - Map's file1474 is not exist!
2023-04-25 17:58:06,190 - [MAIN] - ERROR - Game.Logic.MapMgr - Map's file1458 is not exist!
2023-04-25 17:58:06,190 - [MAIN] - ERROR - Game.Logic.MapMgr - Map's file1457 is not exist!
2023-04-25 17:58:06,190 - [MAIN] - ERROR - Game.Logic.MapMgr - Map's file1456 is not exist!
2023-04-25 17:58:06,191 - [MAIN] - ERROR - Game.Logic.MapMgr - Map's file1455 is not exist!
2023-04-25 17:58:06,191 - [MAIN] - ERROR - Game.Logic.MapMgr - Map's file1429 is not exist!
2023-04-25 17:58:06,191 - [MAIN] - ERROR - Game.Logic.MapMgr - Map's file1402 is not exist!
2023-04-25 17:58:06,191 - [MAIN] - ERROR - Game.Logic.MapMgr - Map's file1401 is not exist!
2023-04-25 17:58:06,191 - [MAIN] - ERROR - Game.Logic.MapMgr - Map's file1400 is not exist!
2023-04-25 17:58:06,192 - [MAIN] - ERROR - Game.Logic.MapMgr - Map's file1350 is not exist!
2023-04-25 17:58:06,192 - [MAIN] - ERROR - Game.Logic.MapMgr - Map's file1346 is not exist!
2023-04-25 17:58:06,192 - [MAIN] - ERROR - Game.Logic.MapMgr - Map's file1345 is not exist!
2023-04-25 17:58:06,192 - [MAIN] - ERROR - Game.Logic.MapMgr - Map's file1344 is not exist!
2023-04-25 17:58:06,192 - [MAIN] - ERROR - Game.Logic.MapMgr - Map's file1343 is not exist!
2023-04-25 17:58:06,193 - [MAIN] - ERROR - Game.Logic.MapMgr - Map's file1342 is not exist!
2023-04-25 17:58:06,193 - [MAIN] - ERROR - Game.Logic.MapMgr - Map's file1328 is not exist!
2023-04-25 17:58:06,193 - [MAIN] - ERROR - Game.Logic.MapMgr - Map's file1303 is not exist!
2023-04-25 17:58:06,193 - [MAIN] - ERROR - Game.Logic.MapMgr - Map's file1302 is not exist!
2023-04-25 17:58:06,193 - [MAIN] - ERROR - Game.Logic.MapMgr - Map's file1268 is not exist!
2023-04-25 17:58:06,194 - [MAIN] - ERROR - Game.Logic.MapMgr - Map's file1267 is not exist!
2023-04-25 17:58:06,195 - [MAIN] - ERROR - Game.Logic.MapMgr - Map's file1266 is not exist!
2023-04-25 17:58:06,196 - [MAIN] - ERROR - Game.Logic.MapMgr - Map's file1253 is not exist!
2023-04-25 17:58:06,196 - [MAIN] - ERROR - Game.Logic.MapMgr - Map's file1252 is not exist!
2023-04-25 17:58:06,197 - [MAIN] - ERROR - Game.Logic.MapMgr - Map's file1251 is not exist!
2023-04-25 17:58:06,197 - [MAIN] - ERROR - Game.Logic.MapMgr - Map's file1250 is not exist!
2023-04-25 17:58:06,197 - [MAIN] - ERROR - Game.Logic.MapMgr - Map's file1243 is not exist!
2023-04-25 17:58:06,197 - [MAIN] - ERROR - Game.Logic.MapMgr - Map's file1220 is not exist!
2023-04-25 17:58:06,198 - [MAIN] - ERROR - Game.Logic.MapMgr - Map's file1219 is not exist!
2023-04-25 17:58:06,198 - [MAIN] - ERROR - Game.Logic.MapMgr - Map's file1218 is not exist!
2023-04-25 17:58:06,198 - [MAIN] - ERROR - Game.Logic.MapMgr - Map's file1217 is not exist!
2023-04-25 17:58:06,198 - [MAIN] - ERROR - Game.Logic.MapMgr - Map's file1216 is not exist!
2023-04-25 17:58:06,198 - [MAIN] - ERROR - Game.Logic.MapMgr - Map's file1215 is not exist!
2023-04-25 17:58:06,199 - [MAIN] - ERROR - Game.Logic.MapMgr - Map's file1214 is not exist!
2023-04-25 17:58:06,199 - [MAIN] - ERROR - Game.Logic.MapMgr - Map's file1213 is not exist!
2023-04-25 17:58:06,199 - [MAIN] - ERROR - Game.Logic.MapMgr - Map's file1211 is not exist!
2023-04-25 17:58:06,199 - [MAIN] - ERROR - Game.Logic.MapMgr - Map's file1210 is not exist!
2023-04-25 17:58:06,199 - [MAIN] - ERROR - Game.Logic.MapMgr - Map's file1209 is not exist!
2023-04-25 17:58:06,199 - [MAIN] - ERROR - Game.Logic.MapMgr - Map's file1208 is not exist!
2023-04-25 17:58:06,200 - [MAIN] - ERROR - Game.Logic.MapMgr - Map's file1207 is not exist!
2023-04-25 17:58:06,200 - [MAIN] - ERROR - Game.Logic.MapMgr - Map's file1205 is not exist!
2023-04-25 17:58:06,200 - [MAIN] - ERROR - Game.Logic.MapMgr - Map's file1204 is not exist!
2023-04-25 17:58:06,200 - [MAIN] - ERROR - Game.Logic.MapMgr - Map's file1202 is not exist!
2023-04-25 17:58:06,200 - [MAIN] - ERROR - Game.Logic.MapMgr - Map's file1201 is not exist!
2023-04-25 17:58:06,200 - [MAIN] - ERROR - Game.Logic.MapMgr - Map's file1198 is not exist!
2023-04-25 17:58:06,201 - [MAIN] - ERROR - Game.Logic.MapMgr - Map's file1197 is not exist!
2023-04-25 17:58:06,201 - [MAIN] - ERROR - Game.Logic.MapMgr - Map's file1196 is not exist!
2023-04-25 17:58:06,201 - [MAIN] - ERROR - Game.Logic.MapMgr - Map's file1195 is not exist!
2023-04-25 17:58:06,201 - [MAIN] - ERROR - Game.Logic.MapMgr - Map's file1194 is not exist!
2023-04-25 17:58:06,202 - [MAIN] - ERROR - Game.Logic.MapMgr - Map's file1193 is not exist!
2023-04-25 17:58:06,202 - [MAIN] - ERROR - Game.Logic.MapMgr - Map's file1192 is not exist!
2023-04-25 17:58:06,202 - [MAIN] - ERROR - Game.Logic.MapMgr - Map's file1191 is not exist!
2023-04-25 17:58:06,203 - [MAIN] - ERROR - Game.Logic.MapMgr - Map's file1190 is not exist!
2023-04-25 17:58:06,203 - [MAIN] - ERROR - Game.Logic.MapMgr - Map's file1189 is not exist!
2023-04-25 17:58:06,203 - [MAIN] - ERROR - Game.Logic.MapMgr - Map's file1188 is not exist!
2023-04-25 17:58:06,203 - [MAIN] - ERROR - Game.Logic.MapMgr - Map's file1187 is not exist!
2023-04-25 17:58:06,203 - [MAIN] - ERROR - Game.Logic.MapMgr - Map's file1186 is not exist!
2023-04-25 17:58:06,204 - [MAIN] - ERROR - Game.Logic.MapMgr - Map's file1185 is not exist!
2023-04-25 17:58:06,204 - [MAIN] - ERROR - Game.Logic.MapMgr - Map's file1184 is not exist!
2023-04-25 17:58:06,204 - [MAIN] - ERROR - Game.Logic.MapMgr - Map's file1180 is not exist!
2023-04-25 17:58:06,204 - [MAIN] - ERROR - Game.Logic.MapMgr - Map's file1179 is not exist!
2023-04-25 17:58:06,204 - [MAIN] - ERROR - Game.Logic.MapMgr - Map's file1178 is not exist!
2023-04-25 17:58:06,204 - [MAIN] - ERROR - Game.Logic.MapMgr - Map's file1177 is not exist!
2023-04-25 17:58:06,204 - [MAIN] - ERROR - Game.Logic.MapMgr - Map's file1176 is not exist!
2023-04-25 17:58:06,205 - [MAIN] - ERROR - Game.Logic.MapMgr - Map's file1175 is not exist!
2023-04-25 17:58:06,205 - [MAIN] - ERROR - Game.Logic.MapMgr - Map's file1174 is not exist!
2023-04-25 17:58:06,205 - [MAIN] - ERROR - Game.Logic.MapMgr - Map's file1173 is not exist!
2023-04-25 17:58:06,205 - [MAIN] - ERROR - Game.Logic.MapMgr - Map's file1172 is not exist!
2023-04-25 17:58:06,205 - [MAIN] - ERROR - Game.Logic.MapMgr - Map's file1171 is not exist!
2023-04-25 17:58:06,205 - [MAIN] - ERROR - Game.Logic.MapMgr - Map's file1170 is not exist!
2023-04-25 17:58:06,206 - [MAIN] - ERROR - Game.Logic.MapMgr - Map's file1169 is not exist!
2023-04-25 17:58:06,206 - [MAIN] - ERROR - Game.Logic.MapMgr - Map's file1168 is not exist!
2023-04-25 17:58:06,206 - [MAIN] - ERROR - Game.Logic.MapMgr - Map's file1167 is not exist!
2023-04-25 17:58:06,206 - [MAIN] - ERROR - Game.Logic.MapMgr - Map's file1166 is not exist!
2023-04-25 17:58:06,206 - [MAIN] - ERROR - Game.Logic.MapMgr - Map's file1165 is not exist!
2023-04-25 17:58:06,206 - [MAIN] - ERROR - Game.Logic.MapMgr - Map's file1164 is not exist!
2023-04-25 17:58:06,207 - [MAIN] - ERROR - Game.Logic.MapMgr - Map's file1163 is not exist!
2023-04-25 17:58:06,207 - [MAIN] - ERROR - Game.Logic.MapMgr - Map's file1162 is not exist!
2023-04-25 17:58:06,207 - [MAIN] - ERROR - Game.Logic.MapMgr - Map's file1161 is not exist!
2023-04-25 17:58:06,207 - [MAIN] - ERROR - Game.Logic.MapMgr - Map's file1160 is not exist!
2023-04-25 17:58:06,207 - [MAIN] - ERROR - Game.Logic.MapMgr - Map's file1159 is not exist!
2023-04-25 17:58:06,207 - [MAIN] - ERROR - Game.Logic.MapMgr - Map's file1158 is not exist!
2023-04-25 17:58:06,208 - [MAIN] - ERROR - Game.Logic.MapMgr - Map's file1157 is not exist!
2023-04-25 17:58:06,208 - [MAIN] - ERROR - Game.Logic.MapMgr - Map's file1156 is not exist!
2023-04-25 17:58:06,208 - [MAIN] - ERROR - Game.Logic.MapMgr - Map's file1155 is not exist!
2023-04-25 17:58:06,208 - [MAIN] - ERROR - Game.Logic.MapMgr - Map's file1154 is not exist!
2023-04-25 17:58:06,208 - [MAIN] - ERROR - Game.Logic.MapMgr - Map's file1153 is not exist!
2023-04-25 17:58:06,208 - [MAIN] - ERROR - Game.Logic.MapMgr - Map's file1152 is not exist!
2023-04-25 17:58:06,209 - [MAIN] - ERROR - Game.Logic.MapMgr - Map's file1151 is not exist!
2023-04-25 17:58:06,209 - [MAIN] - ERROR - Game.Logic.MapMgr - Map's file1150 is not exist!
2023-04-25 17:58:06,209 - [MAIN] - ERROR - Game.Logic.MapMgr - Map's file1149 is not exist!
2023-04-25 17:58:06,209 - [MAIN] - ERROR - Game.Logic.MapMgr - Map's file1148 is not exist!
2023-04-25 17:58:06,209 - [MAIN] - ERROR - Game.Logic.MapMgr - Map's file1147 is not exist!
2023-04-25 17:58:06,209 - [MAIN] - ERROR - Game.Logic.MapMgr - Map's file1146 is not exist!
2023-04-25 17:58:06,210 - [MAIN] - ERROR - Game.Logic.MapMgr - Map's file1145 is not exist!
2023-04-25 17:58:06,211 - [MAIN] - ERROR - Game.Logic.MapMgr - Map's file1144 is not exist!
2023-04-25 17:58:06,216 - [MAIN] - ERROR - Game.Logic.MapMgr - Map's file1143 is not exist!
2023-04-25 17:58:06,216 - [MAIN] - ERROR - Game.Logic.MapMgr - Map's file1142 is not exist!
2023-04-25 17:58:06,216 - [MAIN] - ERROR - Game.Logic.MapMgr - Map's file1141 is not exist!
2023-04-25 17:58:06,216 - [MAIN] - ERROR - Game.Logic.MapMgr - Map's file1138 is not exist!
2023-04-25 17:58:06,216 - [MAIN] - ERROR - Game.Logic.MapMgr - Map's file1137 is not exist!
2023-04-25 17:58:06,216 - [MAIN] - ERROR - Game.Logic.MapMgr - Map's file1136 is not exist!
2023-04-25 17:58:06,216 - [MAIN] - ERROR - Game.Logic.MapMgr - Map's file1135 is not exist!
2023-04-25 17:58:06,216 - [MAIN] - ERROR - Game.Logic.MapMgr - Map's file1134 is not exist!
2023-04-25 17:58:06,216 - [MAIN] - ERROR - Game.Logic.MapMgr - Map's file1133 is not exist!
2023-04-25 17:58:06,217 - [MAIN] - ERROR - Game.Logic.MapMgr - Map's file1132 is not exist!
2023-04-25 17:58:06,217 - [MAIN] - ERROR - Game.Logic.MapMgr - Map's file1129 is not exist!
2023-04-25 17:58:06,217 - [MAIN] - ERROR - Game.Logic.MapMgr - Map's file1128 is not exist!
2023-04-25 17:58:06,217 - [MAIN] - ERROR - Game.Logic.MapMgr - Map's file1126 is not exist!
2023-04-25 17:58:06,217 - [MAIN] - ERROR - Game.Logic.MapMgr - Map's file1125 is not exist!
2023-04-25 17:58:06,217 - [MAIN] - ERROR - Game.Logic.MapMgr - Map's file1124 is not exist!
2023-04-25 17:58:06,218 - [MAIN] - ERROR - Game.Logic.MapMgr - Map's file1123 is not exist!
2023-04-25 17:58:06,218 - [MAIN] - ERROR - Game.Logic.MapMgr - Map's file1122 is not exist!
2023-04-25 17:58:06,218 - [MAIN] - ERROR - Game.Logic.MapMgr - Map's file1121 is not exist!
2023-04-25 17:58:06,218 - [MAIN] - ERROR - Game.Logic.MapMgr - Map's file1120 is not exist!
2023-04-25 17:58:06,218 - [MAIN] - ERROR - Game.Logic.MapMgr - Map's file1119 is not exist!
2023-04-25 17:58:06,218 - [MAIN] - ERROR - Game.Logic.MapMgr - Map's file1118 is not exist!
2023-04-25 17:58:06,219 - [MAIN] - ERROR - Game.Logic.MapMgr - Map's file1114 is not exist!
2023-04-25 17:58:06,219 - [MAIN] - ERROR - Game.Logic.MapMgr - Map's file1113 is not exist!
2023-04-25 17:58:06,219 - [MAIN] - ERROR - Game.Logic.MapMgr - Map's file1112 is not exist!
2023-04-25 17:58:06,219 - [MAIN] - ERROR - Game.Logic.MapMgr - Map's file1111 is not exist!
2023-04-25 17:58:06,219 - [MAIN] - ERROR - Game.Logic.MapMgr - Map's file1110 is not exist!
2023-04-25 17:58:06,219 - [MAIN] - ERROR - Game.Logic.MapMgr - Map's file1109 is not exist!
2023-04-25 17:58:06,220 - [MAIN] - ERROR - Game.Logic.MapMgr - Map's file1108 is not exist!
2023-04-25 17:58:06,220 - [MAIN] - ERROR - Game.Logic.MapMgr - Map's file1107 is not exist!
2023-04-25 17:58:06,220 - [MAIN] - ERROR - Game.Logic.MapMgr - Map's file1106 is not exist!
2023-04-25 17:58:06,220 - [MAIN] - ERROR - Game.Logic.MapMgr - Map's file1105 is not exist!
2023-04-25 17:58:06,220 - [MAIN] - ERROR - Game.Logic.MapMgr - Map's file1104 is not exist!
2023-04-25 17:58:06,220 - [MAIN] - ERROR - Game.Logic.MapMgr - Map's file1103 is not exist!
2023-04-25 17:58:06,220 - [MAIN] - ERROR - Game.Logic.MapMgr - Map's file1102 is not exist!
2023-04-25 17:58:06,220 - [MAIN] - ERROR - Game.Logic.MapMgr - Map's file1101 is not exist!
2023-04-25 17:58:06,221 - [MAIN] - ERROR - Game.Logic.MapMgr - Map's file1100 is not exist!
2023-04-25 17:58:06,221 - [MAIN] - ERROR - Game.Logic.MapMgr - Map's file1099 is not exist!
2023-04-25 17:58:06,221 - [MAIN] - ERROR - Game.Logic.MapMgr - Map's file1098 is not exist!
2023-04-25 17:58:06,221 - [MAIN] - ERROR - Game.Logic.MapMgr - Map's file1097 is not exist!
2023-04-25 17:58:06,221 - [MAIN] - ERROR - Game.Logic.MapMgr - Map's file1096 is not exist!
2023-04-25 17:58:06,221 - [MAIN] - ERROR - Game.Logic.MapMgr - Map's file1095 is not exist!
2023-04-25 17:58:06,222 - [MAIN] - ERROR - Game.Logic.MapMgr - Map's file1094 is not exist!
2023-04-25 17:58:06,222 - [MAIN] - ERROR - Game.Logic.MapMgr - Map's file1093 is not exist!
2023-04-25 17:58:06,222 - [MAIN] - ERROR - Game.Logic.MapMgr - Map's file1092 is not exist!
2023-04-25 17:58:06,222 - [MAIN] - ERROR - Game.Logic.MapMgr - Map's file1091 is not exist!
2023-04-25 17:58:06,222 - [MAIN] - ERROR - Game.Logic.MapMgr - Map's file1090 is not exist!
2023-04-25 17:58:06,222 - [MAIN] - ERROR - Game.Logic.MapMgr - Map's file1088 is not exist!
2023-04-25 17:58:06,222 - [MAIN] - ERROR - Game.Logic.MapMgr - Map's file1087 is not exist!
2023-04-25 17:58:06,223 - [MAIN] - ERROR - Game.Logic.MapMgr - Map's file1086 is not exist!
2023-04-25 17:58:06,223 - [MAIN] - ERROR - Game.Logic.MapMgr - Map's file1085 is not exist!
2023-04-25 17:58:06,223 - [MAIN] - ERROR - Game.Logic.MapMgr - Map's file1084 is not exist!
2023-04-25 17:58:06,223 - [MAIN] - ERROR - Game.Logic.MapMgr - Map's file1083 is not exist!
2023-04-25 17:58:06,223 - [MAIN] - ERROR - Game.Logic.MapMgr - Map's file1082 is not exist!
2023-04-25 17:58:06,223 - [MAIN] - ERROR - Game.Logic.MapMgr - Map's file1078 is not exist!
2023-04-25 17:58:06,224 - [MAIN] - ERROR - Game.Logic.MapMgr - Map's file1076 is not exist!
2023-04-25 17:58:06,224 - [MAIN] - ERROR - Game.Logic.MapMgr - Map's file1075 is not exist!
2023-04-25 17:58:06,224 - [MAIN] - ERROR - Game.Logic.MapMgr - Map's file1074 is not exist!
2023-04-25 17:58:06,224 - [MAIN] - ERROR - Game.Logic.MapMgr - Map's file1073 is not exist!
2023-04-25 17:58:06,224 - [MAIN] - ERROR - Game.Logic.MapMgr - Map's file1072 is not exist!
2023-04-25 17:58:06,224 - [MAIN] - ERROR - Game.Logic.MapMgr - Map's file1071 is not exist!
2023-04-25 17:58:06,234 - [MAIN] - ERROR - Game.Logic.MapMgr - Map's file1068 is not exist!
2023-04-25 17:58:06,234 - [MAIN] - ERROR - Game.Logic.MapMgr - Map's file1067 is not exist!
2023-04-25 17:58:06,234 - [MAIN] - ERROR - Game.Logic.MapMgr - Map's file1066 is not exist!
2023-04-25 17:58:06,235 - [MAIN] - ERROR - Game.Logic.MapMgr - Map's file1065 is not exist!
2023-04-25 17:58:06,235 - [MAIN] - ERROR - Game.Logic.MapMgr - Map's file1064 is not exist!
2023-04-25 17:58:06,235 - [MAIN] - ERROR - Game.Logic.MapMgr - Map's file1063 is not exist!
2023-04-25 17:58:06,235 - [MAIN] - ERROR - Game.Logic.MapMgr - Map's file1062 is not exist!
2023-04-25 17:58:06,235 - [MAIN] - ERROR - Game.Logic.MapMgr - Map's file1061 is not exist!
2023-04-25 17:58:06,236 - [MAIN] - ERROR - Game.Logic.MapMgr - Map's file1060 is not exist!
2023-04-25 17:58:06,236 - [MAIN] - ERROR - Game.Logic.MapMgr - Map's file1059 is not exist!
2023-04-25 17:58:06,236 - [MAIN] - ERROR - Game.Logic.MapMgr - Map's file1058 is not exist!
2023-04-25 17:58:06,236 - [MAIN] - ERROR - Game.Logic.MapMgr - Map's file1057 is not exist!
2023-04-25 17:58:06,236 - [MAIN] - ERROR - Game.Logic.MapMgr - Map's file1056 is not exist!
2023-04-25 17:58:06,236 - [MAIN] - ERROR - Game.Logic.MapMgr - Map's file1055 is not exist!
2023-04-25 17:58:06,237 - [MAIN] - ERROR - Game.Logic.MapMgr - Map's file1054 is not exist!
2023-04-25 17:58:06,237 - [MAIN] - ERROR - Game.Logic.MapMgr - Map's file1053 is not exist!
2023-04-25 17:58:06,237 - [MAIN] - ERROR - Game.Logic.MapMgr - Map's file1052 is not exist!
2023-04-25 17:58:06,237 - [MAIN] - ERROR - Game.Logic.MapMgr - Map's file1051 is not exist!
2023-04-25 17:58:06,237 - [MAIN] - ERROR - Game.Logic.MapMgr - Map's file1050 is not exist!
2023-04-25 17:58:06,238 - [MAIN] - ERROR - Game.Logic.MapMgr - Map's file1049 is not exist!
2023-04-25 17:58:06,238 - [MAIN] - ERROR - Game.Logic.MapMgr - Map's file1048 is not exist!
2023-04-25 17:58:06,238 - [MAIN] - ERROR - Game.Logic.MapMgr - Map's file1047 is not exist!
2023-04-25 17:58:06,238 - [MAIN] - ERROR - Game.Logic.MapMgr - Map's file1046 is not exist!
2023-04-25 17:58:06,238 - [MAIN] - ERROR - Game.Logic.MapMgr - Map's file1045 is not exist!
2023-04-25 17:58:06,238 - [MAIN] - ERROR - Game.Logic.MapMgr - Map's file1044 is not exist!
2023-04-25 17:58:06,239 - [MAIN] - ERROR - Game.Logic.MapMgr - Map's file1043 is not exist!
2023-04-25 17:58:06,239 - [MAIN] - ERROR - Game.Logic.MapMgr - Map's file1042 is not exist!
2023-04-25 17:58:06,239 - [MAIN] - ERROR - Game.Logic.MapMgr - Map's file1041 is not exist!
2023-04-25 17:58:06,239 - [MAIN] - ERROR - Game.Logic.MapMgr - Map'